#
# There is insufficient memory for the Java Runtime Environment to continue.
# Native memory allocation (mmap) failed to map 44040192 bytes. Error detail: G1 virtual space
# Possible reasons:
#   The system is out of physical RAM or swap space
#   This process is running with CompressedOops enabled, and the Java Heap may be blocking the growth of the native heap
# Possible solutions:
#   Reduce memory load on the system
#   Increase physical memory or swap space
#   Check if swap backing store is full
#   Decrease Java heap size (-Xmx/-Xms)
#   Decrease number of Java threads
#   Decrease Java thread stack sizes (-Xss)
#   Set larger code cache with -XX:ReservedCodeCacheSize=
#   JVM is running with Zero Based Compressed Oops mode in which the Java heap is
#     placed in the first 32GB address space. The Java Heap base address is the
#     maximum limit for the native heap growth. Please use -XX:HeapBaseMinAddress
#     to set the Java Heap base and to place the Java Heap above 32GB virtual address.
# This output file may be truncated or incomplete.
#
#  Out of Memory Error (os_windows.cpp:3714), pid=19128, tid=11568
#
# JRE version: OpenJDK Runtime Environment Temurin-21.0.11+10 (21.0.11+10) (build 21.0.11+10-LTS)
# Java VM: OpenJDK 64-Bit Server VM Temurin-21.0.11+10 (21.0.11+10-LTS, mixed mode, sharing, tiered, compressed oops, compressed class ptrs, g1 gc, windows-amd64)
# No core dump will be written. Minidumps are not enabled by default on client versions of Windows
#

---------------  S U M M A R Y ------------

Command Line: --add-opens=java.base/java.lang=ALL-UNNAMED --add-opens=java.base/java.lang.invoke=ALL-UNNAMED --add-opens=java.base/java.util=ALL-UNNAMED --add-opens=java.prefs/java.util.prefs=ALL-UNNAMED --add-exports=jdk.compiler/com.sun.tools.javac.api=ALL-UNNAMED --add-exports=jdk.compiler/com.sun.tools.javac.util=ALL-UNNAMED --add-opens=java.base/java.util=ALL-UNNAMED --add-opens=java.prefs/java.util.prefs=ALL-UNNAMED --add-opens=java.base/java.nio.charset=ALL-UNNAMED --add-opens=java.base/java.net=ALL-UNNAMED --add-opens=java.base/java.util.concurrent.atomic=ALL-UNNAMED --add-opens=java.xml/javax.xml.namespace=ALL-UNNAMED -XX:MaxMetaspaceSize=2G -XX:+HeapDumpOnOutOfMemoryError -Xmx4G -Dfile.encoding=UTF-8 -Duser.country=US -Duser.language=en -Duser.variant -javaagent:C:\Users\prash\.gradle\wrapper\dists\gradle-8.14-all\c2qonpi39x1mddn7hk5gh9iqj\gradle-8.14\lib\agents\gradle-instrumentation-agent-8.14.jar org.gradle.launcher.daemon.bootstrap.GradleDaemon 8.14

Host: 11th Gen Intel(R) Core(TM) i3-1115G4 @ 3.00GHz, 4 cores, 7G,  Windows 11 , 64 bit Build 26100 (10.0.26100.8737)
Time: Mon Jun 29 04:52:40 2026 India Standard Time elapsed time: 175.013977 seconds (0d 0h 2m 55s)

---------------  T H R E A D  ---------------

Current thread (0x000001b1b2a6f570):  VMThread "VM Thread"          [id=11568, stack(0x0000008855200000,0x0000008855300000) (1024K)]

Stack: [0x0000008855200000,0x0000008855300000]
Native frames: (J=compiled Java code, j=interpreted, Vv=VM code, C=native code)
V  [jvm.dll+0x6d7e19]
V  [jvm.dll+0x8b5096]
V  [jvm.dll+0x8b764e]
V  [jvm.dll+0x8b7d33]
V  [jvm.dll+0x284596]
V  [jvm.dll+0x6d4735]
V  [jvm.dll+0x6c845a]
V  [jvm.dll+0x35ef08]
V  [jvm.dll+0x366b46]
V  [jvm.dll+0x3b7c2e]
V  [jvm.dll+0x3b7ed8]
V  [jvm.dll+0x33310c]
V  [jvm.dll+0x335926]
V  [jvm.dll+0x33f91d]
V  [jvm.dll+0x374fdf]
V  [jvm.dll+0x8bda20]
V  [jvm.dll+0x8bed94]
V  [jvm.dll+0x8bf2c0]
V  [jvm.dll+0x8bf563]
V  [jvm.dll+0x85fb0d]
V  [jvm.dll+0x6d664d]
C  [ucrtbase.dll+0x2cd30]
C  [KERNEL32.DLL+0x2e957]
C  [ntdll.dll+0xaad6c]

VM_Operation (0x0000008854dffb50): G1PauseRemark, mode: safepoint, requested by thread 0x000001b199457260


---------------  P R O C E S S  ---------------

Threads class SMR info:
_java_thread_list=0x000001b1fd6e3b30, length=86, elements={
0x000001b197066ff0, 0x000001b1b2a8c5c0, 0x000001b1b2a8d020, 0x000001b1b2a8da80,
0x000001b1b2a904f0, 0x000001b1b2a90f50, 0x000001b1b2a919b0, 0x000001b1b2a92740,
0x000001b1b2a981b0, 0x000001b1b2dd67b0, 0x000001b1b2d3e230, 0x000001b1b2ce2d90,
0x000001b1f9787e70, 0x000001b1f9556b10, 0x000001b1f956bf10, 0x000001b1f956c950,
0x000001b1f96eff40, 0x000001b1f96f1070, 0x000001b1f9800e60, 0x000001b1f9802f30,
0x000001b1f9803c50, 0x000001b1f98014f0, 0x000001b1f98028a0, 0x000001b1f98042e0,
0x000001b1f9801b80, 0x000001b1f9802210, 0x000001b1fc396700, 0x000001b1fc395350,
0x000001b1fc3959e0, 0x000001b1fc394cc0, 0x000001b1fc396070, 0x000001b1fc3987d0,
0x000001b1fc397420, 0x000001b1fc397ab0, 0x000001b1fc39af30, 0x000001b1fc39b5c0,
0x000001b1fc39bc50, 0x000001b1fca19ad0, 0x000001b1fca19440, 0x000001b1fca1a7f0,
0x000001b1fca1b510, 0x000001b1fca1a160, 0x000001b1fca1ae80, 0x000001b1fca18720,
0x000001b1fca1c230, 0x000001b1fca1cf50, 0x000001b1fc793e00, 0x000001b1fc790980,
0x000001b1fc7923c0, 0x000001b1fc796bf0, 0x000001b1fc797280, 0x000001b1fc7951b0,
0x000001b1fc794b20, 0x000001b1fc794490, 0x000001b1fc795840, 0x000001b1fc795ed0,
0x000001b1fca1f6b0, 0x000001b1fca1e300, 0x000001b1fca1dc70, 0x000001b1fb0562b0,
0x000001b1fb056fd0, 0x000001b1fb057660, 0x000001b1fb054f00, 0x000001b1fb057cf0,
0x000001b1fa717b60, 0x000001b1fa71d740, 0x000001b1fa71ca20, 0x000001b1fa7174d0,
0x000001b1fa71afe0, 0x000001b1fa718880, 0x000001b1fa718f10, 0x000001b1fa71a950,
0x000001b1fa7195a0, 0x000001b1fd5ca120, 0x000001b1fd5cbb60, 0x000001b1fd5c8d70,
0x000001b1fd5c86e0, 0x000001b1fd5ccf10, 0x000001b1fd5cc1f0, 0x000001b1fd5cc880,
0x000001b1fd5c9a90, 0x000001b1fd5cd5a0, 0x000001b1fd5cb4d0, 0x000001b1fd5ce2c0,
0x000001b1fe166870, 0x000001b1fe168940
}

Java Threads: ( => current thread )
  0x000001b197066ff0 JavaThread "main"                              [_thread_blocked, id=4640, stack(0x0000008854b00000,0x0000008854c00000) (1024K)]
  0x000001b1b2a8c5c0 JavaThread "Reference Handler"          daemon [_thread_blocked, id=6216, stack(0x0000008855300000,0x0000008855400000) (1024K)]
  0x000001b1b2a8d020 JavaThread "Finalizer"                  daemon [_thread_blocked, id=13468, stack(0x0000008855400000,0x0000008855500000) (1024K)]
  0x000001b1b2a8da80 JavaThread "Signal Dispatcher"          daemon [_thread_blocked, id=13044, stack(0x0000008855500000,0x0000008855600000) (1024K)]
  0x000001b1b2a904f0 JavaThread "Attach Listener"            daemon [_thread_blocked, id=12696, stack(0x0000008855600000,0x0000008855700000) (1024K)]
  0x000001b1b2a90f50 JavaThread "Service Thread"             daemon [_thread_blocked, id=17000, stack(0x0000008855700000,0x0000008855800000) (1024K)]
  0x000001b1b2a919b0 JavaThread "Monitor Deflation Thread"   daemon [_thread_blocked, id=12660, stack(0x0000008855800000,0x0000008855900000) (1024K)]
  0x000001b1b2a92740 JavaThread "C2 CompilerThread0"         daemon [_thread_blocked, id=18600, stack(0x0000008855900000,0x0000008855a00000) (1024K)]
  0x000001b1b2a981b0 JavaThread "C1 CompilerThread0"         daemon [_thread_blocked, id=12884, stack(0x0000008855a00000,0x0000008855b00000) (1024K)]
  0x000001b1b2dd67b0 JavaThread "Common-Cleaner"             daemon [_thread_blocked, id=716, stack(0x0000008855b00000,0x0000008855c00000) (1024K)]
  0x000001b1b2d3e230 JavaThread "Notification Thread"        daemon [_thread_blocked, id=1868, stack(0x0000008855c00000,0x0000008855d00000) (1024K)]
  0x000001b1b2ce2d90 JavaThread "Daemon health stats"               [_thread_blocked, id=18328, stack(0x0000008856000000,0x0000008856100000) (1024K)]
  0x000001b1f9787e70 JavaThread "Incoming local TCP Connector on port 52937"        [_thread_in_native, id=13372, stack(0x0000008856100000,0x0000008856200000) (1024K)]
  0x000001b1f9556b10 JavaThread "Daemon periodic checks"            [_thread_blocked, id=12860, stack(0x0000008856200000,0x0000008856300000) (1024K)]
  0x000001b1f956bf10 JavaThread "Daemon"                            [_thread_blocked, id=15884, stack(0x0000008856300000,0x0000008856400000) (1024K)]
  0x000001b1f956c950 JavaThread "Handler for socket connection from /127.0.0.1:52937 to /127.0.0.1:52938"        [_thread_in_native, id=12728, stack(0x0000008856400000,0x0000008856500000) (1024K)]
  0x000001b1f96eff40 JavaThread "Cancel handler"                    [_thread_blocked, id=3696, stack(0x0000008856500000,0x0000008856600000) (1024K)]
  0x000001b1f96f1070 JavaThread "Daemon worker"                     [_thread_blocked, id=5140, stack(0x0000008856600000,0x0000008856700000) (1024K)]
  0x000001b1f9800e60 JavaThread "Asynchronous log dispatcher for DefaultDaemonConnection: socket connection from /127.0.0.1:52937 to /127.0.0.1:52938"        [_thread_blocked, id=15924, stack(0x0000008856700000,0x0000008856800000) (1024K)]
  0x000001b1f9802f30 JavaThread "Stdin handler"                     [_thread_blocked, id=9992, stack(0x0000008856800000,0x0000008856900000) (1024K)]
  0x000001b1f9803c50 JavaThread "Daemon client event forwarder"        [_thread_blocked, id=13820, stack(0x0000008856900000,0x0000008856a00000) (1024K)]
  0x000001b1f98014f0 JavaThread "Cache worker for journal cache (C:\Users\prash\.gradle\caches\journal-1)"        [_thread_blocked, id=15408, stack(0x0000008856a00000,0x0000008856b00000) (1024K)]
  0x000001b1f98028a0 JavaThread "File lock request listener"        [_thread_in_native, id=6716, stack(0x0000008856b00000,0x0000008856c00000) (1024K)]
  0x000001b1f98042e0 JavaThread "Cache worker for file hash cache (C:\Users\prash\.gradle\caches\8.14\fileHashes)"        [_thread_blocked, id=17252, stack(0x0000008856d00000,0x0000008856e00000) (1024K)]
  0x000001b1f9801b80 JavaThread "Cache worker for file hash cache (E:\logostics_scanner\app\android\.gradle\8.14\fileHashes)"        [_thread_blocked, id=17260, stack(0x0000008856c00000,0x0000008856d00000) (1024K)]
  0x000001b1f9802210 JavaThread "Cache worker for Build Output Cleanup Cache (E:\logostics_scanner\app\android\.gradle\buildOutputCleanup)"        [_thread_blocked, id=7508, stack(0x0000008856e00000,0x0000008856f00000) (1024K)]
  0x000001b1fc396700 JavaThread "File watcher server"        daemon [_thread_in_native, id=14376, stack(0x0000008856f00000,0x0000008857000000) (1024K)]
  0x000001b1fc395350 JavaThread "File watcher consumer"      daemon [_thread_blocked, id=15008, stack(0x0000008857000000,0x0000008857100000) (1024K)]
  0x000001b1fc3959e0 JavaThread "jar transforms"                    [_thread_blocked, id=8520, stack(0x0000008857200000,0x0000008857300000) (1024K)]
  0x000001b1fc394cc0 JavaThread "Cache worker for checksums cache (E:\logostics_scanner\app\android\.gradle\8.14\checksums)"        [_thread_blocked, id=8664, stack(0x0000008857300000,0x0000008857400000) (1024K)]
  0x000001b1fc396070 JavaThread "Cache worker for file content cache (C:\Users\prash\.gradle\caches\8.14\fileContent)"        [_thread_blocked, id=17436, stack(0x0000008857400000,0x0000008857500000) (1024K)]
  0x000001b1fc3987d0 JavaThread "Cache worker for cache directory md-supplier (C:\Users\prash\.gradle\caches\8.14\md-supplier)"        [_thread_blocked, id=9944, stack(0x0000008857500000,0x0000008857600000) (1024K)]
  0x000001b1fc397420 JavaThread "Cache worker for cache directory md-rule (C:\Users\prash\.gradle\caches\8.14\md-rule)"        [_thread_blocked, id=7596, stack(0x0000008857600000,0x0000008857700000) (1024K)]
  0x000001b1fc397ab0 JavaThread "Cache worker for Build Output Cleanup Cache (D:\flutter_windows_3.44.4-stable\flutter\packages\flutter_tools\gradle\.gradle\buildOutputCleanup)"        [_thread_blocked, id=19176, stack(0x0000008857100000,0x0000008857200000) (1024K)]
  0x000001b1fc39af30 JavaThread "Unconstrained build operations"        [_thread_blocked, id=9144, stack(0x0000008857700000,0x0000008857800000) (1024K)]
  0x000001b1fc39b5c0 JavaThread "Unconstrained build operations Thread 2"        [_thread_blocked, id=17560, stack(0x0000008857800000,0x0000008857900000) (1024K)]
  0x000001b1fc39bc50 JavaThread "Unconstrained build operations Thread 3"        [_thread_blocked, id=16320, stack(0x0000008857900000,0x0000008857a00000) (1024K)]
  0x000001b1fca19ad0 JavaThread "Unconstrained build operations Thread 4"        [_thread_blocked, id=4376, stack(0x0000008857a00000,0x0000008857b00000) (1024K)]
  0x000001b1fca19440 JavaThread "Unconstrained build operations Thread 5"        [_thread_blocked, id=12412, stack(0x0000008857b00000,0x0000008857c00000) (1024K)]
  0x000001b1fca1a7f0 JavaThread "Unconstrained build operations Thread 6"        [_thread_blocked, id=12732, stack(0x0000008857c00000,0x0000008857d00000) (1024K)]
  0x000001b1fca1b510 JavaThread "Unconstrained build operations Thread 7"        [_thread_blocked, id=19168, stack(0x0000008857d00000,0x0000008857e00000) (1024K)]
  0x000001b1fca1a160 JavaThread "Unconstrained build operations Thread 8"        [_thread_blocked, id=18820, stack(0x0000008857e00000,0x0000008857f00000) (1024K)]
  0x000001b1fca1ae80 JavaThread "Unconstrained build operations Thread 9"        [_thread_blocked, id=1276, stack(0x0000008857f00000,0x0000008858000000) (1024K)]
  0x000001b1fca18720 JavaThread "File lock release action executor"        [_thread_blocked, id=8272, stack(0x0000008858000000,0x0000008858100000) (1024K)]
  0x000001b1fca1c230 JavaThread "Memory manager"                    [_thread_blocked, id=14764, stack(0x0000008858200000,0x0000008858300000) (1024K)]
  0x000001b1fca1cf50 JavaThread "build event listener"              [_thread_blocked, id=18964, stack(0x0000008858300000,0x0000008858400000) (1024K)]
  0x000001b1fc793e00 JavaThread "Execution worker"                  [_thread_blocked, id=15144, stack(0x0000008858500000,0x0000008858600000) (1024K)]
  0x000001b1fc790980 JavaThread "Execution worker Thread 2"         [_thread_blocked, id=14232, stack(0x0000008858600000,0x0000008858700000) (1024K)]
  0x000001b1fc7923c0 JavaThread "Execution worker Thread 3"         [_thread_blocked, id=4480, stack(0x0000008858700000,0x0000008858800000) (1024K)]
  0x000001b1fc796bf0 JavaThread "Cache worker for execution history cache (D:\flutter_windows_3.44.4-stable\flutter\packages\flutter_tools\gradle\.gradle\8.14\executionHistory)"        [_thread_blocked, id=8256, stack(0x0000008858800000,0x0000008858900000) (1024K)]
  0x000001b1fc797280 JavaThread "Unconstrained build operations Thread 10"        [_thread_blocked, id=15188, stack(0x0000008858100000,0x0000008858200000) (1024K)]
  0x000001b1fc7951b0 JavaThread "Unconstrained build operations Thread 11"        [_thread_blocked, id=15620, stack(0x0000008858900000,0x0000008858a00000) (1024K)]
  0x000001b1fc794b20 JavaThread "Unconstrained build operations Thread 12"        [_thread_blocked, id=4780, stack(0x0000008858a00000,0x0000008858b00000) (1024K)]
  0x000001b1fc794490 JavaThread "Unconstrained build operations Thread 13"        [_thread_blocked, id=17920, stack(0x0000008858b00000,0x0000008858c00000) (1024K)]
  0x000001b1fc795840 JavaThread "Unconstrained build operations Thread 14"        [_thread_blocked, id=17356, stack(0x0000008858c00000,0x0000008858d00000) (1024K)]
  0x000001b1fc795ed0 JavaThread "Unconstrained build operations Thread 15"        [_thread_blocked, id=17572, stack(0x0000008858d00000,0x0000008858e00000) (1024K)]
  0x000001b1fca1f6b0 JavaThread "Unconstrained build operations Thread 16"        [_thread_blocked, id=68, stack(0x0000008858e00000,0x0000008858f00000) (1024K)]
  0x000001b1fca1e300 JavaThread "Unconstrained build operations Thread 17"        [_thread_blocked, id=17932, stack(0x0000008858f00000,0x0000008859000000) (1024K)]
  0x000001b1fca1dc70 JavaThread "Unconstrained build operations Thread 18"        [_thread_blocked, id=15892, stack(0x0000008859000000,0x0000008859100000) (1024K)]
  0x000001b1fb0562b0 JavaThread "Unconstrained build operations Thread 19"        [_thread_blocked, id=13536, stack(0x0000008859100000,0x0000008859200000) (1024K)]
  0x000001b1fb056fd0 JavaThread "Unconstrained build operations Thread 20"        [_thread_blocked, id=18464, stack(0x0000008859200000,0x0000008859300000) (1024K)]
  0x000001b1fb057660 JavaThread "Unconstrained build operations Thread 21"        [_thread_blocked, id=16828, stack(0x0000008859300000,0x0000008859400000) (1024K)]
  0x000001b1fb054f00 JavaThread "Unconstrained build operations Thread 22"        [_thread_blocked, id=3344, stack(0x0000008859400000,0x0000008859500000) (1024K)]
  0x000001b1fb057cf0 JavaThread "Unconstrained build operations Thread 23"        [_thread_blocked, id=6920, stack(0x0000008859500000,0x0000008859600000) (1024K)]
  0x000001b1fa717b60 JavaThread "Unconstrained build operations Thread 24"        [_thread_blocked, id=1988, stack(0x0000008859600000,0x0000008859700000) (1024K)]
  0x000001b1fa71d740 JavaThread "Unconstrained build operations Thread 25"        [_thread_blocked, id=14900, stack(0x0000008859700000,0x0000008859800000) (1024K)]
  0x000001b1fa71ca20 JavaThread "Unconstrained build operations Thread 26"        [_thread_blocked, id=1672, stack(0x0000008859800000,0x0000008859900000) (1024K)]
  0x000001b1fa7174d0 JavaThread "Unconstrained build operations Thread 27"        [_thread_blocked, id=14980, stack(0x0000008859900000,0x0000008859a00000) (1024K)]
  0x000001b1fa71afe0 JavaThread "Unconstrained build operations Thread 28"        [_thread_blocked, id=3460, stack(0x0000008859a00000,0x0000008859b00000) (1024K)]
  0x000001b1fa718880 JavaThread "Unconstrained build operations Thread 29"        [_thread_blocked, id=8996, stack(0x0000008859b00000,0x0000008859c00000) (1024K)]
  0x000001b1fa718f10 JavaThread "jar transforms Thread 2"           [_thread_blocked, id=10284, stack(0x0000008854900000,0x0000008854a00000) (1024K)]
  0x000001b1fa71a950 JavaThread "jar transforms Thread 3"           [_thread_blocked, id=18976, stack(0x0000008854a00000,0x0000008854b00000) (1024K)]
  0x000001b1fa7195a0 JavaThread "Problems report writer"            [_thread_blocked, id=12668, stack(0x0000008859c00000,0x0000008859d00000) (1024K)]
  0x000001b1fd5ca120 JavaThread "Unconstrained build operations Thread 30"        [_thread_blocked, id=17004, stack(0x0000008859d00000,0x0000008859e00000) (1024K)]
  0x000001b1fd5cbb60 JavaThread "Unconstrained build operations Thread 31"        [_thread_blocked, id=16608, stack(0x0000008859e00000,0x0000008859f00000) (1024K)]
  0x000001b1fd5c8d70 JavaThread "Unconstrained build operations Thread 32"        [_thread_blocked, id=19220, stack(0x0000008859f00000,0x000000885a000000) (1024K)]
  0x000001b1fd5c86e0 JavaThread "Unconstrained build operations Thread 33"        [_thread_blocked, id=16072, stack(0x000000885a000000,0x000000885a100000) (1024K)]
  0x000001b1fd5ccf10 JavaThread "Unconstrained build operations Thread 34"        [_thread_blocked, id=18908, stack(0x000000885a100000,0x000000885a200000) (1024K)]
  0x000001b1fd5cc1f0 JavaThread "Unconstrained build operations Thread 35"        [_thread_blocked, id=19284, stack(0x000000885a200000,0x000000885a300000) (1024K)]
  0x000001b1fd5cc880 JavaThread "Unconstrained build operations Thread 36"        [_thread_blocked, id=3968, stack(0x000000885a300000,0x000000885a400000) (1024K)]
  0x000001b1fd5c9a90 JavaThread "Unconstrained build operations Thread 37"        [_thread_blocked, id=14296, stack(0x000000885a400000,0x000000885a500000) (1024K)]
  0x000001b1fd5cd5a0 JavaThread "Unconstrained build operations Thread 38"        [_thread_blocked, id=4180, stack(0x000000885a500000,0x000000885a600000) (1024K)]
  0x000001b1fd5cb4d0 JavaThread "jar transforms Thread 4"           [_thread_blocked, id=18164, stack(0x000000885a600000,0x000000885a700000) (1024K)]
  0x000001b1fd5ce2c0 JavaThread "build event listener"              [_thread_blocked, id=9164, stack(0x000000885a700000,0x000000885a800000) (1024K)]
  0x000001b1fe166870 JavaThread "Unconstrained build operations Thread 39"        [_thread_blocked, id=19356, stack(0x0000008858400000,0x0000008858500000) (1024K)]
  0x000001b1fe168940 JavaThread "Unconstrained build operations Thread 40"        [_thread_blocked, id=16436, stack(0x000000885a800000,0x000000885a900000) (1024K)]
Total: 86

Other Threads:
=>0x000001b1b2a6f570 VMThread "VM Thread"                           [id=11568, stack(0x0000008855200000,0x0000008855300000) (1024K)]
  0x000001b1b2a5ee00 WatcherThread "VM Periodic Task Thread"        [id=17960, stack(0x0000008855100000,0x0000008855200000) (1024K)]
  0x000001b199446360 WorkerThread "GC Thread#0"                     [id=15136, stack(0x0000008854c00000,0x0000008854d00000) (1024K)]
  0x000001b1b2dfd300 WorkerThread "GC Thread#1"                     [id=7792, stack(0x0000008855d00000,0x0000008855e00000) (1024K)]
  0x000001b1b2e5a360 WorkerThread "GC Thread#2"                     [id=4620, stack(0x0000008855e00000,0x0000008855f00000) (1024K)]
  0x000001b1f84a7410 WorkerThread "GC Thread#3"                     [id=10444, stack(0x0000008855f00000,0x0000008856000000) (1024K)]
  0x000001b199457260 ConcurrentGCThread "G1 Main Marker"            [id=156, stack(0x0000008854d00000,0x0000008854e00000) (1024K)]
  0x000001b199458c90 WorkerThread "G1 Conc#0"                       [id=13324, stack(0x0000008854e00000,0x0000008854f00000) (1024K)]
  0x000001b19949e310 ConcurrentGCThread "G1 Refine#0"               [id=15888, stack(0x0000008854f00000,0x0000008855000000) (1024K)]
  0x000001b1b29250d0 ConcurrentGCThread "G1 Service"                [id=17492, stack(0x0000008855000000,0x0000008855100000) (1024K)]
Total: 10

Threads with active compile tasks:
C2 CompilerThread0  175182 16172       4       org.gradle.internal.service.DefaultServiceRegistry$OwnServices::instanceRealized (234 bytes)
Total: 1

VM state: at safepoint (normal execution)

VM Mutex/Monitor currently owned by a thread:  ([mutex/lock_event])
[0x00007ff8fcb1f570] Threads_lock - owner thread: 0x000001b1b2a6f570
[0x00007ff8fcb1f670] Heap_lock - owner thread: 0x000001b199457260

Heap address: 0x0000000700000000, size: 4096 MB, Compressed Oops mode: Zero based, Oop shift amount: 3

CDS archive(s) mapped at: [0x000001b1b3000000-0x000001b1b3ba0000-0x000001b1b3ba0000), size 12189696, SharedBaseAddress: 0x000001b1b3000000, ArchiveRelocationMode: 1.
Compressed class space mapped at: 0x000001b1b4000000-0x000001b1f4000000, reserved size: 1073741824
Narrow klass base: 0x000001b1b3000000, Narrow klass shift: 0, Narrow klass range: 0x100000000

GC Precious Log:
 CardTable entry size: 512
 Card Set container configuration: InlinePtr #cards 4 size 8 Array Of Cards #cards 16 size 48 Howl #buckets 8 coarsen threshold 3686 Howl Bitmap #cards 512 size 80 coarsen threshold 460 Card regions per heap region 1 cards per card region 4096
 CPUs: 4 total, 4 available
 Memory: 7834M
 Large Page Support: Disabled
 NUMA Support: Disabled
 Compressed Oops: Enabled (Zero based)
 Heap Region Size: 2M
 Heap Min Capacity: 8M
 Heap Initial Capacity: 124M
 Heap Max Capacity: 4G
 Pre-touch: Disabled
 Parallel Workers: 4
 Concurrent Workers: 1
 Concurrent Refinement Workers: 4
 Periodic GC: Disabled

Heap:
 garbage-first heap   total 274432K, used 200385K [0x0000000700000000, 0x0000000800000000)
  region size 2048K, 11 young (22528K), 5 survivors (10240K)
 Metaspace       used 111234K, committed 114048K, reserved 1179648K
  class space    used 15865K, committed 17216K, reserved 1048576K

Heap Regions: E=young(eden), S=young(survivor), O=old, HS=humongous(starts), HC=humongous(continues), CS=collection set, F=free, TAMS=top-at-mark-start, PB=parsable bottom
|   0|0x0000000700000000, 0x0000000700200000, 0x0000000700200000|100%|HS|  |TAMS 0x0000000700200000| PB 0x0000000700000000| Complete 
|   1|0x0000000700200000, 0x0000000700400000, 0x0000000700400000|100%|HC|  |TAMS 0x0000000700400000| PB 0x0000000700200000| Complete 
|   2|0x0000000700400000, 0x0000000700600000, 0x0000000700600000|100%| O|  |TAMS 0x0000000700600000| PB 0x0000000700600000| Untracked 
|   3|0x0000000700600000, 0x0000000700800000, 0x0000000700800000|100%| O|  |TAMS 0x0000000700800000| PB 0x0000000700800000| Updating 
|   4|0x0000000700800000, 0x0000000700a00000, 0x0000000700a00000|100%| O|  |TAMS 0x0000000700a00000| PB 0x0000000700a00000| Untracked 
|   5|0x0000000700a00000, 0x0000000700c00000, 0x0000000700c00000|100%| O|  |TAMS 0x0000000700c00000| PB 0x0000000700c00000| Untracked 
|   6|0x0000000700c00000, 0x0000000700e00000, 0x0000000700e00000|100%| O|  |TAMS 0x0000000700e00000| PB 0x0000000700e00000| Untracked 
|   7|0x0000000700e00000, 0x0000000701000000, 0x0000000701000000|100%| O|  |TAMS 0x0000000701000000| PB 0x0000000701000000| Untracked 
|   8|0x0000000701000000, 0x0000000701200000, 0x0000000701200000|100%| O|  |TAMS 0x0000000701200000| PB 0x0000000701200000| Untracked 
|   9|0x0000000701200000, 0x0000000701400000, 0x0000000701400000|100%| O|  |TAMS 0x0000000701400000| PB 0x0000000701400000| Untracked 
|  10|0x0000000701400000, 0x0000000701600000, 0x0000000701600000|100%| O|  |TAMS 0x0000000701600000| PB 0x0000000701600000| Untracked 
|  11|0x0000000701600000, 0x0000000701800000, 0x0000000701800000|100%| O|  |TAMS 0x0000000701800000| PB 0x0000000701800000| Untracked 
|  12|0x0000000701800000, 0x0000000701a00000, 0x0000000701a00000|100%| O|  |TAMS 0x0000000701a00000| PB 0x0000000701a00000| Untracked 
|  13|0x0000000701a00000, 0x0000000701c00000, 0x0000000701c00000|100%| O|  |TAMS 0x0000000701c00000| PB 0x0000000701c00000| Updating 
|  14|0x0000000701c00000, 0x0000000701e00000, 0x0000000701e00000|100%| O|  |TAMS 0x0000000701e00000| PB 0x0000000701e00000| Updating 
|  15|0x0000000701e00000, 0x0000000702000000, 0x0000000702000000|100%| O|  |TAMS 0x0000000702000000| PB 0x0000000702000000| Untracked 
|  16|0x0000000702000000, 0x0000000702200000, 0x0000000702200000|100%| O|  |TAMS 0x0000000702200000| PB 0x0000000702200000| Untracked 
|  17|0x0000000702200000, 0x0000000702400000, 0x0000000702400000|100%| O|  |TAMS 0x0000000702400000| PB 0x0000000702400000| Updating 
|  18|0x0000000702400000, 0x0000000702600000, 0x0000000702600000|100%| O|  |TAMS 0x0000000702600000| PB 0x0000000702600000| Untracked 
|  19|0x0000000702600000, 0x0000000702800000, 0x0000000702800000|100%|HS|  |TAMS 0x0000000702800000| PB 0x0000000702600000| Complete 
|  20|0x0000000702800000, 0x0000000702a00000, 0x0000000702a00000|100%|HS|  |TAMS 0x0000000702a00000| PB 0x0000000702800000| Complete 
|  21|0x0000000702a00000, 0x0000000702c00000, 0x0000000702c00000|100%| O|  |TAMS 0x0000000702c00000| PB 0x0000000702c00000| Updating 
|  22|0x0000000702c00000, 0x0000000702e00000, 0x0000000702e00000|100%| O|  |TAMS 0x0000000702e00000| PB 0x0000000702e00000| Updating 
|  23|0x0000000702e00000, 0x0000000703000000, 0x0000000703000000|100%| O|  |TAMS 0x0000000703000000| PB 0x0000000703000000| Updating 
|  24|0x0000000703000000, 0x0000000703200000, 0x0000000703200000|100%|HS|  |TAMS 0x0000000703200000| PB 0x0000000703000000| Complete 
|  25|0x0000000703200000, 0x0000000703400000, 0x0000000703400000|100%| O|  |TAMS 0x0000000703400000| PB 0x0000000703400000| Untracked 
|  26|0x0000000703400000, 0x0000000703600000, 0x0000000703600000|100%| O|  |TAMS 0x0000000703600000| PB 0x0000000703600000| Untracked 
|  27|0x0000000703600000, 0x0000000703800000, 0x0000000703800000|100%| O|  |TAMS 0x0000000703800000| PB 0x0000000703800000| Updating 
|  28|0x0000000703800000, 0x0000000703a00000, 0x0000000703a00000|100%| O|  |TAMS 0x0000000703a00000| PB 0x0000000703a00000| Untracked 
|  29|0x0000000703a00000, 0x0000000703c00000, 0x0000000703c00000|100%| O|  |TAMS 0x0000000703c00000| PB 0x0000000703c00000| Untracked 
|  30|0x0000000703c00000, 0x0000000703e00000, 0x0000000703e00000|100%| O|  |TAMS 0x0000000703e00000| PB 0x0000000703e00000| Untracked 
|  31|0x0000000703e00000, 0x0000000704000000, 0x0000000704000000|100%| O|  |TAMS 0x0000000704000000| PB 0x0000000704000000| Untracked 
|  32|0x0000000704000000, 0x0000000704200000, 0x0000000704200000|100%| O|  |TAMS 0x0000000704200000| PB 0x0000000704200000| Untracked 
|  33|0x0000000704200000, 0x0000000704400000, 0x0000000704400000|100%| O|  |TAMS 0x0000000704400000| PB 0x0000000704400000| Untracked 
|  34|0x0000000704400000, 0x0000000704600000, 0x0000000704600000|100%| O|  |TAMS 0x0000000704600000| PB 0x0000000704600000| Updating 
|  35|0x0000000704600000, 0x0000000704800000, 0x0000000704800000|100%| O|  |TAMS 0x0000000704800000| PB 0x0000000704800000| Untracked 
|  36|0x0000000704800000, 0x0000000704a00000, 0x0000000704a00000|100%| O|  |TAMS 0x0000000704a00000| PB 0x0000000704a00000| Untracked 
|  37|0x0000000704a00000, 0x0000000704c00000, 0x0000000704c00000|100%| O|  |TAMS 0x0000000704c00000| PB 0x0000000704c00000| Updating 
|  38|0x0000000704c00000, 0x0000000704e00000, 0x0000000704e00000|100%| O|  |TAMS 0x0000000704e00000| PB 0x0000000704e00000| Untracked 
|  39|0x0000000704e00000, 0x0000000705000000, 0x0000000705000000|100%| O|  |TAMS 0x0000000705000000| PB 0x0000000705000000| Untracked 
|  40|0x0000000705000000, 0x0000000705200000, 0x0000000705200000|100%| O|  |TAMS 0x0000000705200000| PB 0x0000000705200000| Untracked 
|  41|0x0000000705200000, 0x0000000705400000, 0x0000000705400000|100%| O|  |TAMS 0x0000000705400000| PB 0x0000000705400000| Untracked 
|  42|0x0000000705400000, 0x0000000705600000, 0x0000000705600000|100%| O|  |TAMS 0x0000000705600000| PB 0x0000000705600000| Updating 
|  43|0x0000000705600000, 0x0000000705800000, 0x0000000705800000|100%| O|  |TAMS 0x0000000705800000| PB 0x0000000705800000| Untracked 
|  44|0x0000000705800000, 0x0000000705a00000, 0x0000000705a00000|100%| O|  |TAMS 0x0000000705a00000| PB 0x0000000705a00000| Updating 
|  45|0x0000000705a00000, 0x0000000705c00000, 0x0000000705c00000|100%| O|  |TAMS 0x0000000705c00000| PB 0x0000000705c00000| Untracked 
|  46|0x0000000705c00000, 0x0000000705e00000, 0x0000000705e00000|100%| O|  |TAMS 0x0000000705e00000| PB 0x0000000705e00000| Untracked 
|  47|0x0000000705e00000, 0x0000000706000000, 0x0000000706000000|100%| O|  |TAMS 0x0000000706000000| PB 0x0000000706000000| Untracked 
|  48|0x0000000706000000, 0x0000000706200000, 0x0000000706200000|100%| O|  |TAMS 0x0000000706200000| PB 0x0000000706200000| Untracked 
|  49|0x0000000706200000, 0x0000000706400000, 0x0000000706400000|100%| O|  |TAMS 0x0000000706400000| PB 0x0000000706400000| Untracked 
|  50|0x0000000706400000, 0x0000000706600000, 0x0000000706600000|100%| O|  |TAMS 0x0000000706600000| PB 0x0000000706600000| Untracked 
|  51|0x0000000706600000, 0x0000000706800000, 0x0000000706800000|100%| O|  |TAMS 0x0000000706800000| PB 0x0000000706800000| Untracked 
|  52|0x0000000706800000, 0x0000000706a00000, 0x0000000706a00000|100%|HS|  |TAMS 0x0000000706a00000| PB 0x0000000706800000| Complete 
|  53|0x0000000706a00000, 0x0000000706c00000, 0x0000000706c00000|100%| O|  |TAMS 0x0000000706c00000| PB 0x0000000706c00000| Untracked 
|  54|0x0000000706c00000, 0x0000000706e00000, 0x0000000706e00000|100%| O|  |TAMS 0x0000000706e00000| PB 0x0000000706e00000| Updating 
|  55|0x0000000706e00000, 0x0000000707000000, 0x0000000707000000|100%| O|  |TAMS 0x0000000707000000| PB 0x0000000707000000| Untracked 
|  56|0x0000000707000000, 0x0000000707200000, 0x0000000707200000|100%| O|  |TAMS 0x0000000707200000| PB 0x0000000707200000| Untracked 
|  57|0x0000000707200000, 0x0000000707400000, 0x0000000707400000|100%| O|  |TAMS 0x0000000707400000| PB 0x0000000707400000| Untracked 
|  58|0x0000000707400000, 0x0000000707600000, 0x0000000707600000|100%| O|  |TAMS 0x0000000707600000| PB 0x0000000707600000| Untracked 
|  59|0x0000000707600000, 0x0000000707800000, 0x0000000707800000|100%| O|  |TAMS 0x0000000707800000| PB 0x0000000707800000| Updating 
|  60|0x0000000707800000, 0x0000000707a00000, 0x0000000707a00000|100%| O|  |TAMS 0x0000000707800000| PB 0x0000000707800000| Untracked 
|  61|0x0000000707a00000, 0x0000000707c00000, 0x0000000707c00000|100%| O|  |TAMS 0x0000000707a00000| PB 0x0000000707a00000| Untracked 
|  62|0x0000000707c00000, 0x0000000707e00000, 0x0000000707e00000|100%| O|  |TAMS 0x0000000707e00000| PB 0x0000000707e00000| Updating 
|  63|0x0000000707e00000, 0x0000000708000000, 0x0000000708000000|100%| O|  |TAMS 0x0000000708000000| PB 0x0000000708000000| Untracked 
|  64|0x0000000708000000, 0x0000000708200000, 0x0000000708200000|100%|HS|  |TAMS 0x0000000708200000| PB 0x0000000708000000| Complete 
|  65|0x0000000708200000, 0x0000000708400000, 0x0000000708400000|100%|HC|  |TAMS 0x0000000708400000| PB 0x0000000708200000| Complete 
|  66|0x0000000708400000, 0x0000000708600000, 0x0000000708600000|100%| O|  |TAMS 0x0000000708600000| PB 0x0000000708600000| Updating 
|  67|0x0000000708600000, 0x0000000708800000, 0x0000000708800000|100%| O|  |TAMS 0x0000000708800000| PB 0x0000000708800000| Untracked 
|  68|0x0000000708800000, 0x0000000708a00000, 0x0000000708a00000|100%| O|  |TAMS 0x0000000708a00000| PB 0x0000000708a00000| Updating 
|  69|0x0000000708a00000, 0x0000000708c00000, 0x0000000708c00000|100%| O|  |TAMS 0x0000000708a00000| PB 0x0000000708a00000| Untracked 
|  70|0x0000000708c00000, 0x0000000708e00000, 0x0000000708e00000|100%| O|  |TAMS 0x0000000708e00000| PB 0x0000000708e00000| Untracked 
|  71|0x0000000708e00000, 0x0000000709000000, 0x0000000709000000|100%| O|  |TAMS 0x0000000709000000| PB 0x0000000709000000| Untracked 
|  72|0x0000000709000000, 0x0000000709200000, 0x0000000709200000|100%| O|  |TAMS 0x0000000709200000| PB 0x0000000709200000| Untracked 
|  73|0x0000000709200000, 0x0000000709400000, 0x0000000709400000|100%| O|  |TAMS 0x0000000709400000| PB 0x0000000709400000| Untracked 
|  74|0x0000000709400000, 0x0000000709600000, 0x0000000709600000|100%| O|  |TAMS 0x0000000709600000| PB 0x0000000709600000| Untracked 
|  75|0x0000000709600000, 0x0000000709800000, 0x0000000709800000|100%| O|  |TAMS 0x0000000709800000| PB 0x0000000709800000| Untracked 
|  76|0x0000000709800000, 0x0000000709a00000, 0x0000000709a00000|100%| O|  |TAMS 0x0000000709a00000| PB 0x0000000709a00000| Updating 
|  77|0x0000000709a00000, 0x0000000709c00000, 0x0000000709c00000|100%| O|  |TAMS 0x0000000709c00000| PB 0x0000000709c00000| Untracked 
|  78|0x0000000709c00000, 0x0000000709e00000, 0x0000000709e00000|100%| O|  |TAMS 0x0000000709e00000| PB 0x0000000709e00000| Updating 
|  79|0x0000000709e00000, 0x000000070a000000, 0x000000070a000000|100%| O|  |TAMS 0x000000070a000000| PB 0x000000070a000000| Updating 
|  80|0x000000070a000000, 0x000000070a200000, 0x000000070a200000|100%| O|  |TAMS 0x000000070a200000| PB 0x000000070a200000| Untracked 
|  81|0x000000070a200000, 0x000000070a400000, 0x000000070a400000|100%| O|  |TAMS 0x000000070a400000| PB 0x000000070a400000| Untracked 
|  82|0x000000070a400000, 0x000000070a600000, 0x000000070a600000|100%| O|  |TAMS 0x000000070a600000| PB 0x000000070a600000| Untracked 
|  83|0x000000070a600000, 0x000000070a800000, 0x000000070a800000|100%| O|  |TAMS 0x000000070a780cb0| PB 0x000000070a780cb0| Updating 
|  84|0x000000070a800000, 0x000000070a9b06c0, 0x000000070aa00000| 84%| O|  |TAMS 0x000000070a800000| PB 0x000000070a800000| Updating 
|  85|0x000000070aa00000, 0x000000070aa00000, 0x000000070ac00000|  0%| F|  |TAMS 0x000000070aa00000| PB 0x000000070aa00000| Untracked 
|  86|0x000000070ac00000, 0x000000070ac00000, 0x000000070ae00000|  0%| F|  |TAMS 0x000000070ac00000| PB 0x000000070ac00000| Untracked 
|  87|0x000000070ae00000, 0x000000070ae00000, 0x000000070b000000|  0%| F|  |TAMS 0x000000070ae00000| PB 0x000000070ae00000| Untracked 
|  88|0x000000070b000000, 0x000000070b000000, 0x000000070b200000|  0%| F|  |TAMS 0x000000070b000000| PB 0x000000070b000000| Untracked 
|  89|0x000000070b200000, 0x000000070b400000, 0x000000070b400000|100%| S|CS|TAMS 0x000000070b200000| PB 0x000000070b200000| Complete 
|  90|0x000000070b400000, 0x000000070b600000, 0x000000070b600000|100%| S|CS|TAMS 0x000000070b400000| PB 0x000000070b400000| Complete 
|  91|0x000000070b600000, 0x000000070b800000, 0x000000070b800000|100%| S|CS|TAMS 0x000000070b600000| PB 0x000000070b600000| Complete 
|  92|0x000000070b800000, 0x000000070ba00000, 0x000000070ba00000|100%| S|CS|TAMS 0x000000070b800000| PB 0x000000070b800000| Complete 
|  93|0x000000070ba00000, 0x000000070ba00000, 0x000000070bc00000|  0%| F|  |TAMS 0x000000070ba00000| PB 0x000000070ba00000| Untracked 
|  94|0x000000070bc00000, 0x000000070bc00000, 0x000000070be00000|  0%| F|  |TAMS 0x000000070bc00000| PB 0x000000070bc00000| Untracked 
|  95|0x000000070be00000, 0x000000070c000000, 0x000000070c000000|100%| S|CS|TAMS 0x000000070be00000| PB 0x000000070be00000| Complete 
|  96|0x000000070c000000, 0x000000070c000000, 0x000000070c200000|  0%| F|  |TAMS 0x000000070c000000| PB 0x000000070c000000| Untracked 
|  97|0x000000070c200000, 0x000000070c200000, 0x000000070c400000|  0%| F|  |TAMS 0x000000070c200000| PB 0x000000070c200000| Untracked 
|  98|0x000000070c400000, 0x000000070c400000, 0x000000070c600000|  0%| F|  |TAMS 0x000000070c400000| PB 0x000000070c400000| Untracked 
|  99|0x000000070c600000, 0x000000070c600000, 0x000000070c800000|  0%| F|  |TAMS 0x000000070c600000| PB 0x000000070c600000| Untracked 
| 100|0x000000070c800000, 0x000000070c800000, 0x000000070ca00000|  0%| F|  |TAMS 0x000000070c800000| PB 0x000000070c800000| Untracked 
| 101|0x000000070ca00000, 0x000000070ca00000, 0x000000070cc00000|  0%| F|  |TAMS 0x000000070ca00000| PB 0x000000070ca00000| Untracked 
| 102|0x000000070cc00000, 0x000000070cc00000, 0x000000070ce00000|  0%| F|  |TAMS 0x000000070cc00000| PB 0x000000070cc00000| Untracked 
| 103|0x000000070ce00000, 0x000000070ce00000, 0x000000070d000000|  0%| F|  |TAMS 0x000000070ce00000| PB 0x000000070ce00000| Untracked 
| 104|0x000000070d000000, 0x000000070d000000, 0x000000070d200000|  0%| F|  |TAMS 0x000000070d000000| PB 0x000000070d000000| Untracked 
| 105|0x000000070d200000, 0x000000070d200000, 0x000000070d400000|  0%| F|  |TAMS 0x000000070d200000| PB 0x000000070d200000| Untracked 
| 106|0x000000070d400000, 0x000000070d400000, 0x000000070d600000|  0%| F|  |TAMS 0x000000070d400000| PB 0x000000070d400000| Untracked 
| 107|0x000000070d600000, 0x000000070d600000, 0x000000070d800000|  0%| F|  |TAMS 0x000000070d600000| PB 0x000000070d600000| Untracked 
| 108|0x000000070d800000, 0x000000070d800000, 0x000000070da00000|  0%| F|  |TAMS 0x000000070d800000| PB 0x000000070d800000| Untracked 
| 109|0x000000070da00000, 0x000000070da00000, 0x000000070dc00000|  0%| F|  |TAMS 0x000000070da00000| PB 0x000000070da00000| Untracked 
| 110|0x000000070dc00000, 0x000000070dc00000, 0x000000070de00000|  0%| F|  |TAMS 0x000000070dc00000| PB 0x000000070dc00000| Untracked 
| 111|0x000000070de00000, 0x000000070de00000, 0x000000070e000000|  0%| F|  |TAMS 0x000000070de00000| PB 0x000000070de00000| Untracked 
| 112|0x000000070e000000, 0x000000070e000000, 0x000000070e200000|  0%| F|  |TAMS 0x000000070e000000| PB 0x000000070e000000| Untracked 
| 113|0x000000070e200000, 0x000000070e200000, 0x000000070e400000|  0%| F|  |TAMS 0x000000070e200000| PB 0x000000070e200000| Untracked 
| 114|0x000000070e400000, 0x000000070e400000, 0x000000070e600000|  0%| F|  |TAMS 0x000000070e400000| PB 0x000000070e400000| Untracked 
| 115|0x000000070e600000, 0x000000070e600000, 0x000000070e800000|  0%| F|  |TAMS 0x000000070e600000| PB 0x000000070e600000| Untracked 
| 116|0x000000070e800000, 0x000000070e800000, 0x000000070ea00000|  0%| F|  |TAMS 0x000000070e800000| PB 0x000000070e800000| Untracked 
| 117|0x000000070ea00000, 0x000000070ea00000, 0x000000070ec00000|  0%| F|  |TAMS 0x000000070ea00000| PB 0x000000070ea00000| Untracked 
| 118|0x000000070ec00000, 0x000000070ec00000, 0x000000070ee00000|  0%| F|  |TAMS 0x000000070ec00000| PB 0x000000070ec00000| Untracked 
| 119|0x000000070ee00000, 0x000000070ee00000, 0x000000070f000000|  0%| F|  |TAMS 0x000000070ee00000| PB 0x000000070ee00000| Untracked 
| 120|0x000000070f000000, 0x000000070f000000, 0x000000070f200000|  0%| F|  |TAMS 0x000000070f000000| PB 0x000000070f000000| Untracked 
| 121|0x000000070f200000, 0x000000070f200000, 0x000000070f400000|  0%| F|  |TAMS 0x000000070f200000| PB 0x000000070f200000| Untracked 
| 122|0x000000070f400000, 0x000000070f400000, 0x000000070f600000|  0%| F|  |TAMS 0x000000070f400000| PB 0x000000070f400000| Untracked 
| 123|0x000000070f600000, 0x000000070f600000, 0x000000070f800000|  0%| F|  |TAMS 0x000000070f600000| PB 0x000000070f600000| Untracked 
| 124|0x000000070f800000, 0x000000070f800000, 0x000000070fa00000|  0%| F|  |TAMS 0x000000070f800000| PB 0x000000070f800000| Untracked 
| 125|0x000000070fa00000, 0x000000070fa61c70, 0x000000070fc00000| 19%| E|  |TAMS 0x000000070fa00000| PB 0x000000070fa00000| Complete 
| 126|0x000000070fc00000, 0x000000070fe00000, 0x000000070fe00000|100%| E|CS|TAMS 0x000000070fc00000| PB 0x000000070fc00000| Complete 
|2041|0x00000007ff200000, 0x00000007ff400000, 0x00000007ff400000|100%| O|  |TAMS 0x00000007ff400000| PB 0x00000007ff400000| Updating 
|2042|0x00000007ff400000, 0x00000007ff600000, 0x00000007ff600000|100%| E|CS|TAMS 0x00000007ff400000| PB 0x00000007ff400000| Complete 
|2043|0x00000007ff600000, 0x00000007ff800000, 0x00000007ff800000|100%| O|  |TAMS 0x00000007ff800000| PB 0x00000007ff800000| Untracked 
|2044|0x00000007ff800000, 0x00000007ffa00000, 0x00000007ffa00000|100%| E|CS|TAMS 0x00000007ff800000| PB 0x00000007ff800000| Complete 
|2045|0x00000007ffa00000, 0x00000007ffc00000, 0x00000007ffc00000|100%| E|CS|TAMS 0x00000007ffa00000| PB 0x00000007ffa00000| Complete 
|2046|0x00000007ffc00000, 0x00000007ffe00000, 0x00000007ffe00000|100%| O|  |TAMS 0x00000007ffe00000| PB 0x00000007ffe00000| Updating 
|2047|0x00000007ffe00000, 0x0000000800000000, 0x0000000800000000|100%| E|CS|TAMS 0x00000007ffe00000| PB 0x00000007ffe00000| Complete 

Card table byte_map: [0x000001b1abde0000,0x000001b1ac5e0000] _byte_map_base: 0x000001b1a85e0000

Marking Bits: (CMBitMap*) 0x000001b199446980
 Bits: [0x000001b1ac5e0000, 0x000001b1b05e0000)

Polling page: 0x000001b197020000

Metaspace:

Usage:
  Non-class:     93.13 MB used.
      Class:     15.49 MB used.
       Both:    108.63 MB used.

Virtual space:
  Non-class space:      128.00 MB reserved,      94.56 MB ( 74%) committed,  2 nodes.
      Class space:        1.00 GB reserved,      16.81 MB (  2%) committed,  1 nodes.
             Both:        1.12 GB reserved,     111.38 MB ( 10%) committed. 

Chunk freelists:
   Non-Class:  1.38 MB
       Class:  15.06 MB
        Both:  16.43 MB

MaxMetaspaceSize: 2.00 GB
CompressedClassSpaceSize: 1.00 GB
Initial GC threshold: 21.00 MB
Current GC threshold: 183.44 MB
CDS: on
 - commit_granule_bytes: 65536.
 - commit_granule_words: 8192.
 - virtual_space_node_default_size: 8388608.
 - enlarge_chunks_in_place: 1.
 - use_allocation_guard: 0.


Internal statistics:

num_allocs_failed_limit: 12.
num_arena_births: 4714.
num_arena_deaths: 2.
num_vsnodes_births: 3.
num_vsnodes_deaths: 0.
num_space_committed: 1782.
num_space_uncommitted: 0.
num_chunks_returned_to_freelist: 14.
num_chunks_taken_from_freelist: 10121.
num_chunk_merges: 12.
num_chunk_splits: 6562.
num_chunks_enlarged: 4076.
num_inconsistent_stats: 0.

CodeHeap 'non-profiled nmethods': size=120000Kb used=9802Kb max_used=9830Kb free=110197Kb
 bounds [0x000001b1a40b0000, 0x000001b1a4a50000, 0x000001b1ab5e0000]
CodeHeap 'profiled nmethods': size=120000Kb used=25593Kb max_used=25953Kb free=94406Kb
 bounds [0x000001b19c5e0000, 0x000001b19df40000, 0x000001b1a3b10000]
CodeHeap 'non-nmethods': size=5760Kb used=3023Kb max_used=3072Kb free=2736Kb
 bounds [0x000001b1a3b10000, 0x000001b1a3e20000, 0x000001b1a40b0000]
CodeCache: size=245760Kb, used=38418Kb, max_used=38855Kb, free=207339Kb
 total_blobs=14331, nmethods=13309, adapters=925, full_count=0
Compilation: enabled, stopped_count=0, restarted_count=0

Compilation events (20 events):
Event: 174.521 Thread 0x000001b1b2a981b0 16173       1       java.util.concurrent.locks.ReentrantReadWriteLock$NonfairSync::writerShouldBlock (2 bytes)
Event: 174.521 Thread 0x000001b1b2a981b0 nmethod 16173 0x000001b1a4a49710 code [0x000001b1a4a498a0, 0x000001b1a4a49968]
Event: 174.522 Thread 0x000001b1b2a981b0 16174       3       org.gradle.api.internal.project.DefaultProjectStateRegistry$ProjectStateImpl::applyToMutableState (12 bytes)
Event: 174.522 Thread 0x000001b1b2a981b0 nmethod 16174 0x000001b19df32410 code [0x000001b19df32620, 0x000001b19df32c90]
Event: 174.522 Thread 0x000001b1b2a981b0 16175       3       org.gradle.api.internal.project.DefaultProjectStateRegistry$ProjectStateImpl$$Lambda/0x000001b1b46e9230::<init> (10 bytes)
Event: 174.523 Thread 0x000001b1b2a981b0 nmethod 16175 0x000001b19df32e90 code [0x000001b19df33040, 0x000001b19df33200]
Event: 174.523 Thread 0x000001b1b2a981b0 16176       3       org.gradle.api.internal.project.DefaultProjectStateRegistry$ProjectStateImpl$$Lambda/0x000001b1b46e9230::apply (12 bytes)
Event: 174.523 Thread 0x000001b1b2a981b0 nmethod 16176 0x000001b19df33290 code [0x000001b19df33460, 0x000001b19df337a8]
Event: 174.551 Thread 0x000001b1b2a981b0 16178       3       java.util.Random::nextInt (74 bytes)
Event: 174.551 Thread 0x000001b1b2a981b0 nmethod 16178 0x000001b19df33890 code [0x000001b19df33a80, 0x000001b19df33f70]
Event: 174.593 Thread 0x000001b1b2a981b0 16179       3       org.gradle.cache.internal.filelock.LockFileAccess::readLockInfo (12 bytes)
Event: 174.593 Thread 0x000001b1b2a981b0 nmethod 16179 0x000001b19df34110 code [0x000001b19df342c0, 0x000001b19df34428]
Event: 174.593 Thread 0x000001b1b2a981b0 16180       3       org.gradle.cache.internal.filelock.LockInfoAccess::readLockInfo (113 bytes)
Event: 174.596 Thread 0x000001b1b2a981b0 nmethod 16180 0x000001b19df34510 code [0x000001b19df34900, 0x000001b19df36590]
Event: 174.596 Thread 0x000001b1b2a981b0 16181       3       org.gradle.cache.internal.filelock.LockInfoSerializer::read (50 bytes)
Event: 174.596 Thread 0x000001b1b2a981b0 nmethod 16181 0x000001b19df36e90 code [0x000001b19df370a0, 0x000001b19df377d0]
Event: 174.628 Thread 0x000001b1b2a981b0 16182   !   3       org.gradle.cache.internal.DefaultFileLockManager$AwaitableFileLockReleasedSignal::await (78 bytes)
Event: 174.629 Thread 0x000001b1b2a981b0 nmethod 16182 0x000001b19df37990 code [0x000001b19df37b80, 0x000001b19df37ff0]
Event: 174.684 Thread 0x000001b1b2a981b0 16183       3       org.gradle.internal.resource.UriTextResource$UriResourceLocation::getFile (8 bytes)
Event: 174.684 Thread 0x000001b1b2a981b0 nmethod 16183 0x000001b19df38210 code [0x000001b19df383a0, 0x000001b19df384d0]

GC Heap History (20 events):
Event: 115.519 GC heap before
{Heap before GC invocations=51 (full 0):
 garbage-first heap   total 198656K, used 181251K [0x0000000700000000, 0x0000000800000000)
  region size 2048K, 33 young (67584K), 4 survivors (8192K)
 Metaspace       used 102127K, committed 104576K, reserved 1179648K
  class space    used 14551K, committed 15744K, reserved 1048576K
}
Event: 115.537 GC heap after
{Heap after GC invocations=52 (full 0):
 garbage-first heap   total 239616K, used 124000K [0x0000000700000000, 0x0000000800000000)
  region size 2048K, 4 young (8192K), 4 survivors (8192K)
 Metaspace       used 102127K, committed 104576K, reserved 1179648K
  class space    used 14551K, committed 15744K, reserved 1048576K
}
Event: 117.615 GC heap before
{Heap before GC invocations=53 (full 0):
 garbage-first heap   total 239616K, used 214112K [0x0000000700000000, 0x0000000800000000)
  region size 2048K, 48 young (98304K), 4 survivors (8192K)
 Metaspace       used 106551K, committed 108992K, reserved 1179648K
  class space    used 15191K, committed 16384K, reserved 1048576K
}
Event: 117.639 GC heap after
{Heap after GC invocations=54 (full 0):
 garbage-first heap   total 239616K, used 129298K [0x0000000700000000, 0x0000000800000000)
  region size 2048K, 6 young (12288K), 6 survivors (12288K)
 Metaspace       used 106551K, committed 108992K, reserved 1179648K
  class space    used 15191K, committed 16384K, reserved 1048576K
}
Event: 120.272 GC heap before
{Heap before GC invocations=54 (full 0):
 garbage-first heap   total 239616K, used 219410K [0x0000000700000000, 0x0000000800000000)
  region size 2048K, 50 young (102400K), 6 survivors (12288K)
 Metaspace       used 108326K, committed 110912K, reserved 1179648K
  class space    used 15453K, committed 16704K, reserved 1048576K
}
Event: 120.313 GC heap after
{Heap after GC invocations=55 (full 0):
 garbage-first heap   total 245760K, used 137519K [0x0000000700000000, 0x0000000800000000)
  region size 2048K, 7 young (14336K), 7 survivors (14336K)
 Metaspace       used 108326K, committed 110912K, reserved 1179648K
  class space    used 15453K, committed 16704K, reserved 1048576K
}
Event: 123.450 GC heap before
{Heap before GC invocations=55 (full 0):
 garbage-first heap   total 245760K, used 219439K [0x0000000700000000, 0x0000000800000000)
  region size 2048K, 48 young (98304K), 7 survivors (14336K)
 Metaspace       used 108328K, committed 110912K, reserved 1179648K
  class space    used 15453K, committed 16704K, reserved 1048576K
}
Event: 123.485 GC heap after
{Heap after GC invocations=56 (full 0):
 garbage-first heap   total 245760K, used 141967K [0x0000000700000000, 0x0000000800000000)
  region size 2048K, 3 young (6144K), 3 survivors (6144K)
 Metaspace       used 108328K, committed 110912K, reserved 1179648K
  class space    used 15453K, committed 16704K, reserved 1048576K
}
Event: 133.078 GC heap before
{Heap before GC invocations=57 (full 0):
 garbage-first heap   total 245760K, used 223887K [0x0000000700000000, 0x0000000800000000)
  region size 2048K, 44 young (90112K), 3 survivors (6144K)
 Metaspace       used 109927K, committed 112576K, reserved 1179648K
  class space    used 15717K, committed 16960K, reserved 1048576K
}
Event: 133.098 GC heap after
{Heap after GC invocations=58 (full 0):
 garbage-first heap   total 245760K, used 154795K [0x0000000700000000, 0x0000000800000000)
  region size 2048K, 6 young (12288K), 6 survivors (12288K)
 Metaspace       used 109927K, committed 112576K, reserved 1179648K
  class space    used 15717K, committed 16960K, reserved 1048576K
}
Event: 135.861 GC heap before
{Heap before GC invocations=58 (full 0):
 garbage-first heap   total 245760K, used 218283K [0x0000000700000000, 0x0000000800000000)
  region size 2048K, 38 young (77824K), 6 survivors (12288K)
 Metaspace       used 109927K, committed 112576K, reserved 1179648K
  class space    used 15717K, committed 16960K, reserved 1048576K
}
Event: 135.885 GC heap after
{Heap after GC invocations=59 (full 0):
 garbage-first heap   total 245760K, used 157838K [0x0000000700000000, 0x0000000800000000)
  region size 2048K, 2 young (4096K), 2 survivors (4096K)
 Metaspace       used 109927K, committed 112576K, reserved 1179648K
  class space    used 15717K, committed 16960K, reserved 1048576K
}
Event: 141.174 GC heap before
{Heap before GC invocations=59 (full 0):
 garbage-first heap   total 245760K, used 196750K [0x0000000700000000, 0x0000000800000000)
  region size 2048K, 23 young (47104K), 2 survivors (4096K)
 Metaspace       used 110014K, committed 112704K, reserved 1179648K
  class space    used 15728K, committed 17024K, reserved 1048576K
}
Event: 141.185 GC heap after
{Heap after GC invocations=60 (full 0):
 garbage-first heap   total 245760K, used 158427K [0x0000000700000000, 0x0000000800000000)
  region size 2048K, 3 young (6144K), 3 survivors (6144K)
 Metaspace       used 110014K, committed 112704K, reserved 1179648K
  class space    used 15728K, committed 17024K, reserved 1048576K
}
Event: 160.511 GC heap before
{Heap before GC invocations=61 (full 0):
 garbage-first heap   total 274432K, used 228059K [0x0000000700000000, 0x0000000800000000)
  region size 2048K, 35 young (71680K), 3 survivors (6144K)
 Metaspace       used 110219K, committed 112896K, reserved 1179648K
  class space    used 15746K, committed 17024K, reserved 1048576K
}
Event: 160.538 GC heap after
{Heap after GC invocations=62 (full 0):
 garbage-first heap   total 274432K, used 176374K [0x0000000700000000, 0x0000000800000000)
  region size 2048K, 5 young (10240K), 5 survivors (10240K)
 Metaspace       used 110219K, committed 112896K, reserved 1179648K
  class space    used 15746K, committed 17024K, reserved 1048576K
}
Event: 162.505 GC heap before
{Heap before GC invocations=62 (full 0):
 garbage-first heap   total 274432K, used 241910K [0x0000000700000000, 0x0000000800000000)
  region size 2048K, 38 young (77824K), 5 survivors (10240K)
 Metaspace       used 110219K, committed 112896K, reserved 1179648K
  class space    used 15746K, committed 17024K, reserved 1048576K
}
Event: 162.529 GC heap after
{Heap after GC invocations=63 (full 0):
 garbage-first heap   total 274432K, used 175600K [0x0000000700000000, 0x0000000800000000)
  region size 2048K, 2 young (4096K), 2 survivors (4096K)
 Metaspace       used 110219K, committed 112896K, reserved 1179648K
  class space    used 15746K, committed 17024K, reserved 1048576K
}
Event: 174.218 GC heap before
{Heap before GC invocations=63 (full 0):
 garbage-first heap   total 274432K, used 247280K [0x0000000700000000, 0x0000000800000000)
  region size 2048K, 37 young (75776K), 2 survivors (4096K)
 Metaspace       used 111173K, committed 114048K, reserved 1179648K
  class space    used 15865K, committed 17216K, reserved 1048576K
}
Event: 174.283 GC heap after
{Heap after GC invocations=64 (full 0):
 garbage-first heap   total 274432K, used 190145K [0x0000000700000000, 0x0000000800000000)
  region size 2048K, 5 young (10240K), 5 survivors (10240K)
 Metaspace       used 111173K, committed 114048K, reserved 1179648K
  class space    used 15865K, committed 17216K, reserved 1048576K
}

Dll operation events (14 events):
Event: 0.033 Loaded shared library C:\Users\prash\.antigravity-ide\extensions\redhat.java-1.55.0-win32-x64\jre\21.0.11-win32-x86_64\bin\java.dll
Event: 0.184 Loaded shared library C:\Users\prash\.antigravity-ide\extensions\redhat.java-1.55.0-win32-x64\jre\21.0.11-win32-x86_64\bin\zip.dll
Event: 0.234 Loaded shared library C:\Users\prash\.antigravity-ide\extensions\redhat.java-1.55.0-win32-x64\jre\21.0.11-win32-x86_64\bin\instrument.dll
Event: 0.247 Loaded shared library C:\Users\prash\.antigravity-ide\extensions\redhat.java-1.55.0-win32-x64\jre\21.0.11-win32-x86_64\bin\net.dll
Event: 0.254 Loaded shared library C:\Users\prash\.antigravity-ide\extensions\redhat.java-1.55.0-win32-x64\jre\21.0.11-win32-x86_64\bin\nio.dll
Event: 0.260 Loaded shared library C:\Users\prash\.antigravity-ide\extensions\redhat.java-1.55.0-win32-x64\jre\21.0.11-win32-x86_64\bin\zip.dll
Event: 1.607 Loaded shared library C:\Users\prash\.antigravity-ide\extensions\redhat.java-1.55.0-win32-x64\jre\21.0.11-win32-x86_64\bin\jimage.dll
Event: 2.702 Loaded shared library C:\Users\prash\.antigravity-ide\extensions\redhat.java-1.55.0-win32-x64\jre\21.0.11-win32-x86_64\bin\verify.dll
Event: 3.102 Loaded shared library C:\Users\prash\.gradle\native\1def1411415f61bf3af743bc5b6707747c0891f09f0c88961ee8f79bc544acac\windows-amd64\native-platform.dll
Event: 3.129 Loaded shared library C:\Users\prash\.gradle\native\0.2.7\x86_64-windows-gnu\gradle-fileevents.dll
Event: 7.078 Loaded shared library C:\Users\prash\.antigravity-ide\extensions\redhat.java-1.55.0-win32-x64\jre\21.0.11-win32-x86_64\bin\management.dll
Event: 7.090 Loaded shared library C:\Users\prash\.antigravity-ide\extensions\redhat.java-1.55.0-win32-x64\jre\21.0.11-win32-x86_64\bin\management_ext.dll
Event: 7.777 Loaded shared library C:\Users\prash\.antigravity-ide\extensions\redhat.java-1.55.0-win32-x64\jre\21.0.11-win32-x86_64\bin\extnet.dll
Event: 8.381 Loaded shared library C:\Users\prash\.antigravity-ide\extensions\redhat.java-1.55.0-win32-x64\jre\21.0.11-win32-x86_64\bin\sunmscapi.dll

Deoptimization events (20 events):
Event: 170.884 Thread 0x000001b1f96f1070 DEOPT PACKING pc=0x000001b1a438452c sp=0x00000088566f9090
Event: 170.884 Thread 0x000001b1f96f1070 DEOPT UNPACKING pc=0x000001b1a3b67ba2 sp=0x00000088566f9000 mode 2
Event: 170.884 Thread 0x000001b1f96f1070 Uncommon trap: trap_request=0xffffffde fr.pc=0x000001b1a438452c relative=0x00000000000002cc
Event: 170.884 Thread 0x000001b1f96f1070 Uncommon trap: reason=class_check action=maybe_recompile pc=0x000001b1a438452c method=java.util.regex.Pattern$Caret.match(Ljava/util/regex/Matcher;ILjava/lang/CharSequence;)Z @ 120 c2
Event: 170.884 Thread 0x000001b1f96f1070 DEOPT PACKING pc=0x000001b1a438452c sp=0x00000088566f9090
Event: 170.884 Thread 0x000001b1f96f1070 DEOPT UNPACKING pc=0x000001b1a3b67ba2 sp=0x00000088566f9000 mode 2
Event: 170.884 Thread 0x000001b1f96f1070 Uncommon trap: trap_request=0xffffffde fr.pc=0x000001b1a438452c relative=0x00000000000002cc
Event: 170.884 Thread 0x000001b1f96f1070 Uncommon trap: reason=class_check action=maybe_recompile pc=0x000001b1a438452c method=java.util.regex.Pattern$Caret.match(Ljava/util/regex/Matcher;ILjava/lang/CharSequence;)Z @ 120 c2
Event: 170.884 Thread 0x000001b1f96f1070 DEOPT PACKING pc=0x000001b1a438452c sp=0x00000088566f9090
Event: 170.884 Thread 0x000001b1f96f1070 DEOPT UNPACKING pc=0x000001b1a3b67ba2 sp=0x00000088566f9000 mode 2
Event: 170.884 Thread 0x000001b1f96f1070 Uncommon trap: trap_request=0xffffffde fr.pc=0x000001b1a438452c relative=0x00000000000002cc
Event: 170.884 Thread 0x000001b1f96f1070 Uncommon trap: reason=class_check action=maybe_recompile pc=0x000001b1a438452c method=java.util.regex.Pattern$Caret.match(Ljava/util/regex/Matcher;ILjava/lang/CharSequence;)Z @ 120 c2
Event: 170.884 Thread 0x000001b1f96f1070 DEOPT PACKING pc=0x000001b1a438452c sp=0x00000088566f9090
Event: 170.884 Thread 0x000001b1f96f1070 DEOPT UNPACKING pc=0x000001b1a3b67ba2 sp=0x00000088566f9000 mode 2
Event: 171.473 Thread 0x000001b1f96f1070 Uncommon trap: trap_request=0xffffffc6 fr.pc=0x000001b1a433dfcc relative=0x000000000000128c
Event: 171.473 Thread 0x000001b1f96f1070 Uncommon trap: reason=bimorphic_or_optimized_type_check action=maybe_recompile pc=0x000001b1a433dfcc method=java.util.concurrent.ConcurrentHashMap.putVal(Ljava/lang/Object;Ljava/lang/Object;Z)Ljava/lang/Object; @ 159 c2
Event: 171.473 Thread 0x000001b1f96f1070 DEOPT PACKING pc=0x000001b1a433dfcc sp=0x00000088566f8660
Event: 171.473 Thread 0x000001b1f96f1070 DEOPT UNPACKING pc=0x000001b1a3b67ba2 sp=0x00000088566f8610 mode 2
Event: 171.690 Thread 0x000001b1f96f1070 DEOPT PACKING pc=0x000001b19d815517 sp=0x00000088566f88f0
Event: 171.690 Thread 0x000001b1f96f1070 DEOPT UNPACKING pc=0x000001b1a3b686e2 sp=0x00000088566f7e40 mode 0

Classes loaded (20 events):
Event: 168.835 Loading class java/util/HashMapCustomizer
Event: 168.835 Loading class java/util/HashMapCustomizer done
Event: 170.818 Loading class java/io/LineNumberReader
Event: 170.836 Loading class java/io/LineNumberReader done
Event: 170.864 Loading class java/util/regex/PatternBeanInfo
Event: 170.864 Loading class java/util/regex/PatternBeanInfo done
Event: 170.864 Loading class java/util/regex/PatternBeanInfo
Event: 170.864 Loading class java/util/regex/PatternBeanInfo done
Event: 170.864 Loading class java/util/regex/PatternCustomizer
Event: 170.864 Loading class java/util/regex/PatternCustomizer done
Event: 170.865 Loading class java/util/regex/PatternCustomizer
Event: 170.865 Loading class java/util/regex/PatternCustomizer done
Event: 170.878 Loading class java/util/regex/MatcherBeanInfo
Event: 170.878 Loading class java/util/regex/MatcherBeanInfo done
Event: 170.878 Loading class java/util/regex/MatcherBeanInfo
Event: 170.878 Loading class java/util/regex/MatcherBeanInfo done
Event: 170.878 Loading class java/util/regex/MatcherCustomizer
Event: 170.879 Loading class java/util/regex/MatcherCustomizer done
Event: 170.879 Loading class java/util/regex/MatcherCustomizer
Event: 170.879 Loading class java/util/regex/MatcherCustomizer done

Classes unloaded (1 events):
Event: 36.663 Thread 0x000001b1b2a6f570 Unloading class 0x000001b1b4818400 'java/lang/invoke/LambdaForm$DMH+0x000001b1b4818400'

Classes redefined (0 events):
No events

Internal exceptions (20 events):
Event: 172.261 Thread 0x000001b1f96f1070 Exception <a 'java/lang/ClassNotFoundException'{0x000000070e37a018}: user_agent_ccwcm8kj2xuqn6jm04rgttynsBeanInfo> (0x000000070e37a018) 
thrown [s\src\hotspot\share\classfile\systemDictionary.cpp, line 313]
Event: 172.261 Thread 0x000001b1f96f1070 Exception <a 'java/lang/ClassNotFoundException'{0x000000070e384df8}: user_agent_ccwcm8kj2xuqn6jm04rgttynsCustomizer> (0x000000070e384df8) 
thrown [s\src\hotspot\share\classfile\systemDictionary.cpp, line 313]
Event: 172.728 Thread 0x000001b1f96f1070 Exception <a 'java/lang/ClassNotFoundException'{0x000000070d97db60}: build_aerfdm24jv2gsregmfw58nklmBeanInfo> (0x000000070d97db60) 
thrown [s\src\hotspot\share\classfile\systemDictionary.cpp, line 313]
Event: 172.729 Thread 0x000001b1f96f1070 Exception <a 'java/lang/ClassNotFoundException'{0x000000070d984938}: build_aerfdm24jv2gsregmfw58nklmCustomizer> (0x000000070d984938) 
thrown [s\src\hotspot\share\classfile\systemDictionary.cpp, line 313]
Event: 172.877 Thread 0x000001b1f96f1070 Exception <a 'java/lang/ClassNotFoundException'{0x000000070d73d1e0}: build_aerfdm24jv2gsregmfw58nklmBeanInfo> (0x000000070d73d1e0) 
thrown [s\src\hotspot\share\classfile\systemDictionary.cpp, line 313]
Event: 172.877 Thread 0x000001b1f96f1070 Exception <a 'java/lang/ClassNotFoundException'{0x000000070d743f50}: build_aerfdm24jv2gsregmfw58nklmCustomizer> (0x000000070d743f50) 
thrown [s\src\hotspot\share\classfile\systemDictionary.cpp, line 313]
Event: 172.947 Thread 0x000001b1f96f1070 Exception <a 'java/lang/ClassNotFoundException'{0x000000070d278b50}: local_config_18e3eybfgkor1y80ebvo5ea8jBeanInfo> (0x000000070d278b50) 
thrown [s\src\hotspot\share\classfile\systemDictionary.cpp, line 313]
Event: 172.949 Thread 0x000001b1f96f1070 Exception <a 'java/lang/ClassNotFoundException'{0x000000070d283a18}: local_config_18e3eybfgkor1y80ebvo5ea8jCustomizer> (0x000000070d283a18) 
thrown [s\src\hotspot\share\classfile\systemDictionary.cpp, line 313]
Event: 173.459 Thread 0x000001b1f96f1070 Exception <a 'java/lang/ClassNotFoundException'{0x000000070d0d34d0}: user_agent_31r8frupvo9wlo24uxv1pvnblBeanInfo> (0x000000070d0d34d0) 
thrown [s\src\hotspot\share\classfile\systemDictionary.cpp, line 313]
Event: 173.459 Thread 0x000001b1f96f1070 Exception <a 'java/lang/ClassNotFoundException'{0x000000070d0de2b8}: user_agent_31r8frupvo9wlo24uxv1pvnblCustomizer> (0x000000070d0de2b8) 
thrown [s\src\hotspot\share\classfile\systemDictionary.cpp, line 313]
Event: 173.677 Thread 0x000001b1f96f1070 Exception <a 'java/lang/ClassNotFoundException'{0x000000070c6ebe60}: build_bu7bgxy1glez3ppl3uxhv6x3BeanInfo> (0x000000070c6ebe60) 
thrown [s\src\hotspot\share\classfile\systemDictionary.cpp, line 313]
Event: 173.677 Thread 0x000001b1f96f1070 Exception <a 'java/lang/ClassNotFoundException'{0x000000070c6f2c10}: build_bu7bgxy1glez3ppl3uxhv6x3Customizer> (0x000000070c6f2c10) 
thrown [s\src\hotspot\share\classfile\systemDictionary.cpp, line 313]
Event: 173.780 Thread 0x000001b1f96f1070 Exception <a 'java/lang/ClassNotFoundException'{0x000000070c795820}: build_bu7bgxy1glez3ppl3uxhv6x3BeanInfo> (0x000000070c795820) 
thrown [s\src\hotspot\share\classfile\systemDictionary.cpp, line 313]
Event: 173.780 Thread 0x000001b1f96f1070 Exception <a 'java/lang/ClassNotFoundException'{0x000000070c79c570}: build_bu7bgxy1glez3ppl3uxhv6x3Customizer> (0x000000070c79c570) 
thrown [s\src\hotspot\share\classfile\systemDictionary.cpp, line 313]
Event: 173.856 Thread 0x000001b1f96f1070 Exception <a 'java/lang/ClassNotFoundException'{0x000000070c33a9c0}: local_config_1vx4x5rhbdzpv18o6k65bk62BeanInfo> (0x000000070c33a9c0) 
thrown [s\src\hotspot\share\classfile\systemDictionary.cpp, line 313]
Event: 173.857 Thread 0x000001b1f96f1070 Exception <a 'java/lang/ClassNotFoundException'{0x000000070c345870}: local_config_1vx4x5rhbdzpv18o6k65bk62Customizer> (0x000000070c345870) 
thrown [s\src\hotspot\share\classfile\systemDictionary.cpp, line 313]
Event: 174.027 Thread 0x000001b1f96f1070 Exception <a 'java/lang/ClassNotFoundException'{0x000000070c02d2a0}: build_bu7bgxy1glez3ppl3uxhv6x3$_run_closure2BeanInfo> (0x000000070c02d2a0) 
thrown [s\src\hotspot\share\classfile\systemDictionary.cpp, line 313]
Event: 174.027 Thread 0x000001b1f96f1070 Exception <a 'java/lang/ClassNotFoundException'{0x000000070c0394c0}: build_bu7bgxy1glez3ppl3uxhv6x3$_run_closure2Customizer> (0x000000070c0394c0) 
thrown [s\src\hotspot\share\classfile\systemDictionary.cpp, line 313]
Event: 174.167 Thread 0x000001b1f96f1070 Exception <a 'java/lang/ClassNotFoundException'{0x000000070c1b5f70}: user_agent_cqutagqo3m7izn506vk4htu5lBeanInfo> (0x000000070c1b5f70) 
thrown [s\src\hotspot\share\classfile\systemDictionary.cpp, line 313]
Event: 174.169 Thread 0x000001b1f96f1070 Exception <a 'java/lang/ClassNotFoundException'{0x000000070c1c0d58}: user_agent_cqutagqo3m7izn506vk4htu5lCustomizer> (0x000000070c1c0d58) 
thrown [s\src\hotspot\share\classfile\systemDictionary.cpp, line 313]

ZGC Phase Switch (0 events):
No events

VM Operations (20 events):
Event: 162.529 Executing safepoint VM operation: G1CollectForAllocation (G1 Evacuation Pause) done
Event: 163.534 Executing safepoint VM operation: Cleanup
Event: 163.534 Executing safepoint VM operation: Cleanup done
Event: 168.583 Executing safepoint VM operation: Cleanup
Event: 168.584 Executing safepoint VM operation: Cleanup done
Event: 169.593 Executing safepoint VM operation: Cleanup
Event: 169.593 Executing safepoint VM operation: Cleanup done
Event: 170.604 Executing safepoint VM operation: Cleanup
Event: 170.605 Executing safepoint VM operation: Cleanup done
Event: 170.844 Executing non-safepoint VM operation: HandshakeAllThreads (Deoptimize)
Event: 170.845 Executing non-safepoint VM operation: HandshakeAllThreads (Deoptimize) done
Event: 171.858 Executing safepoint VM operation: Cleanup
Event: 171.858 Executing safepoint VM operation: Cleanup done
Event: 172.868 Executing safepoint VM operation: Cleanup
Event: 172.868 Executing safepoint VM operation: Cleanup done
Event: 173.877 Executing safepoint VM operation: Cleanup
Event: 173.877 Executing safepoint VM operation: Cleanup done
Event: 174.218 Executing safepoint VM operation: G1CollectForAllocation (G1 Evacuation Pause)
Event: 174.283 Executing safepoint VM operation: G1CollectForAllocation (G1 Evacuation Pause) done
Event: 174.717 Executing safepoint VM operation: G1PauseRemark

Memory protections (0 events):
No events

Nmethod flushes (20 events):
Event: 174.802 Thread 0x000001b1b2a6f570 flushing  nmethod 0x000001b19cae1110
Event: 174.802 Thread 0x000001b1b2a6f570 flushing  nmethod 0x000001b19cd1e490
Event: 174.802 Thread 0x000001b1b2a6f570 flushing  nmethod 0x000001b19cd77f10
Event: 174.803 Thread 0x000001b1b2a6f570 flushing  nmethod 0x000001b19cfeee10
Event: 174.803 Thread 0x000001b1b2a6f570 flushing  nmethod 0x000001b19d04c890
Event: 174.803 Thread 0x000001b1b2a6f570 flushing  nmethod 0x000001b19d050890
Event: 174.803 Thread 0x000001b1b2a6f570 flushing  nmethod 0x000001b19d18f410
Event: 174.803 Thread 0x000001b1b2a6f570 flushing  nmethod 0x000001b19d1b2490
Event: 174.803 Thread 0x000001b1b2a6f570 flushing  nmethod 0x000001b19d1dc610
Event: 174.803 Thread 0x000001b1b2a6f570 flushing  nmethod 0x000001b19d3ae810
Event: 174.803 Thread 0x000001b1b2a6f570 flushing  nmethod 0x000001b19d3b8a90
Event: 174.803 Thread 0x000001b1b2a6f570 flushing  nmethod 0x000001b19d417d10
Event: 174.803 Thread 0x000001b1b2a6f570 flushing  nmethod 0x000001b19d41ab10
Event: 174.803 Thread 0x000001b1b2a6f570 flushing  nmethod 0x000001b19d435390
Event: 174.803 Thread 0x000001b1b2a6f570 flushing  nmethod 0x000001b19d437790
Event: 174.803 Thread 0x000001b1b2a6f570 flushing  nmethod 0x000001b19d438310
Event: 174.803 Thread 0x000001b1b2a6f570 flushing  nmethod 0x000001b19d43a690
Event: 174.803 Thread 0x000001b1b2a6f570 flushing  nmethod 0x000001b19d559010
Event: 174.803 Thread 0x000001b1b2a6f570 flushing  nmethod 0x000001b19db52310
Event: 174.803 Thread 0x000001b1b2a6f570 flushing osr nmethod 0x000001b19dc4f590

Events (20 events):
Event: 86.247 Thread 0x000001b1f96f1070 Thread added: 0x000001b1fd5cd5a0
Event: 91.351 Thread 0x000001b1f96f1070 Thread added: 0x000001b1fd5cb4d0
Event: 107.677 Thread 0x000001b1fc792a50 Thread exited: 0x000001b1fc792a50
Event: 108.057 Thread 0x000001b1b2a981b0 Thread added: 0x000001b1fe5073e0
Event: 109.944 Thread 0x000001b1f96f1070 Thread added: 0x000001b1fd5ce2c0
Event: 110.157 Thread 0x000001b1fe5073e0 Thread exited: 0x000001b1fe5073e0
Event: 110.187 Thread 0x000001b1b2a981b0 Thread added: 0x000001b1fd78bc30
Event: 110.399 Thread 0x000001b1fd78bc30 Thread exited: 0x000001b1fd78bc30
Event: 112.112 Thread 0x000001b1b2a981b0 Thread added: 0x000001b1fbeb6140
Event: 112.950 Thread 0x000001b1fbeb6140 Thread exited: 0x000001b1fbeb6140
Event: 113.545 Thread 0x000001b1b2a981b0 Thread added: 0x000001b1fbeb6810
Event: 113.855 Thread 0x000001b1fbeb6810 Thread exited: 0x000001b1fbeb6810
Event: 114.716 Thread 0x000001b1b2a981b0 Thread added: 0x000001b1fbeb7c80
Event: 115.083 Thread 0x000001b1fbeb7c80 Thread exited: 0x000001b1fbeb7c80
Event: 116.130 Thread 0x000001b1b2a981b0 Thread added: 0x000001b1fdad6740
Event: 117.072 Thread 0x000001b1fdad6740 Thread exited: 0x000001b1fdad6740
Event: 117.411 Thread 0x000001b1b2a981b0 Thread added: 0x000001b1fdad6e10
Event: 118.556 Thread 0x000001b1fdad6e10 Thread exited: 0x000001b1fdad6e10
Event: 119.752 Thread 0x000001b1f96f1070 Thread added: 0x000001b1fe166870
Event: 119.752 Thread 0x000001b1f96f1070 Thread added: 0x000001b1fe168940


Dynamic libraries:
0x00007ff7e52f0000 - 0x00007ff7e52fe000 	C:\Users\prash\.antigravity-ide\extensions\redhat.java-1.55.0-win32-x64\jre\21.0.11-win32-x86_64\bin\java.exe
0x00007ff98de60000 - 0x00007ff98e0c6000 	C:\WINDOWS\SYSTEM32\ntdll.dll
0x00007ff98cfb0000 - 0x00007ff98d079000 	C:\WINDOWS\System32\KERNEL32.DLL
0x00007ff98b0b0000 - 0x00007ff98b4b0000 	C:\WINDOWS\System32\KERNELBASE.dll
0x00007ff98b7b0000 - 0x00007ff98b8fc000 	C:\WINDOWS\System32\ucrtbase.dll
0x00007ff952410000 - 0x00007ff952428000 	C:\Users\prash\.antigravity-ide\extensions\redhat.java-1.55.0-win32-x64\jre\21.0.11-win32-x86_64\bin\jli.dll
0x00007ff98d080000 - 0x00007ff98d247000 	C:\WINDOWS\System32\USER32.dll
0x00007ff98b080000 - 0x00007ff98b0a7000 	C:\WINDOWS\System32\win32u.dll
0x00007ff98ca20000 - 0x00007ff98ca4b000 	C:\WINDOWS\System32\GDI32.dll
0x00007ff98b910000 - 0x00007ff98ba39000 	C:\WINDOWS\System32\gdi32full.dll
0x00007ff98b4c0000 - 0x00007ff98b563000 	C:\WINDOWS\System32\msvcp_win.dll
0x00007ff9523f0000 - 0x00007ff95240e000 	C:\Users\prash\.antigravity-ide\extensions\redhat.java-1.55.0-win32-x64\jre\21.0.11-win32-x86_64\bin\VCRUNTIME140.dll
0x00007ff96b320000 - 0x00007ff96b5b2000 	C:\WINDOWS\WinSxS\amd64_microsoft.windows.common-controls_6595b64144ccf1df_6.0.26100.8737_none_3e092eaee333b772\COMCTL32.dll
0x00007ff98ca50000 - 0x00007ff98caf9000 	C:\WINDOWS\System32\msvcrt.dll
0x00007ff98c750000 - 0x00007ff98c782000 	C:\WINDOWS\System32\IMM32.DLL
0x00007ff95d170000 - 0x00007ff95d17c000 	C:\Users\prash\.antigravity-ide\extensions\redhat.java-1.55.0-win32-x64\jre\21.0.11-win32-x86_64\bin\vcruntime140_1.dll
0x00007ff952060000 - 0x00007ff9520ed000 	C:\Users\prash\.antigravity-ide\extensions\redhat.java-1.55.0-win32-x64\jre\21.0.11-win32-x86_64\bin\msvcp140.dll
0x00007ff8fbe60000 - 0x00007ff8fcc02000 	C:\Users\prash\.antigravity-ide\extensions\redhat.java-1.55.0-win32-x64\jre\21.0.11-win32-x86_64\bin\server\jvm.dll
0x00007ff98dc10000 - 0x00007ff98dcc7000 	C:\WINDOWS\System32\ADVAPI32.dll
0x00007ff98dd40000 - 0x00007ff98ddea000 	C:\WINDOWS\System32\sechost.dll
0x00007ff98c900000 - 0x00007ff98ca18000 	C:\WINDOWS\System32\RPCRT4.dll
0x00007ff98d9f0000 - 0x00007ff98da70000 	C:\WINDOWS\System32\WS2_32.dll
0x00007ff98af00000 - 0x00007ff98af5e000 	C:\WINDOWS\SYSTEM32\POWRPROF.dll
0x00007ff982a80000 - 0x00007ff982ab6000 	C:\WINDOWS\SYSTEM32\WINMM.dll
0x00007ff9828d0000 - 0x00007ff9828db000 	C:\WINDOWS\SYSTEM32\VERSION.dll
0x00007ff98aee0000 - 0x00007ff98aef4000 	C:\WINDOWS\SYSTEM32\UMPDC.dll
0x00007ff989d60000 - 0x00007ff989d7b000 	C:\WINDOWS\SYSTEM32\kernel.appcore.dll
0x00007ff958c90000 - 0x00007ff958c9a000 	C:\Users\prash\.antigravity-ide\extensions\redhat.java-1.55.0-win32-x64\jre\21.0.11-win32-x86_64\bin\jimage.dll
0x00007ff9886f0000 - 0x00007ff988932000 	C:\WINDOWS\SYSTEM32\DBGHELP.DLL
0x00007ff98d340000 - 0x00007ff98d6c3000 	C:\WINDOWS\System32\combase.dll
0x00007ff98da80000 - 0x00007ff98db59000 	C:\WINDOWS\System32\OLEAUT32.dll
0x00007ff96a250000 - 0x00007ff96a28b000 	C:\WINDOWS\SYSTEM32\dbgcore.DLL
0x00007ff98b570000 - 0x00007ff98b61c000 	C:\WINDOWS\System32\bcryptPrimitives.dll
0x00007ff955150000 - 0x00007ff95515f000 	C:\Users\prash\.antigravity-ide\extensions\redhat.java-1.55.0-win32-x64\jre\21.0.11-win32-x86_64\bin\instrument.dll
0x00007ff952360000 - 0x00007ff952380000 	C:\Users\prash\.antigravity-ide\extensions\redhat.java-1.55.0-win32-x64\jre\21.0.11-win32-x86_64\bin\java.dll
0x00007ff98bb90000 - 0x00007ff98c322000 	C:\WINDOWS\System32\SHELL32.dll
0x00007ff988af0000 - 0x00007ff989382000 	C:\WINDOWS\SYSTEM32\windows.storage.dll
0x00007ff98d6d0000 - 0x00007ff98d7c7000 	C:\WINDOWS\System32\SHCORE.dll
0x00007ff98dcd0000 - 0x00007ff98dd37000 	C:\WINDOWS\System32\shlwapi.dll
0x00007ff98afa0000 - 0x00007ff98afc9000 	C:\WINDOWS\SYSTEM32\profapi.dll
0x00007ff952040000 - 0x00007ff952058000 	C:\Users\prash\.antigravity-ide\extensions\redhat.java-1.55.0-win32-x64\jre\21.0.11-win32-x86_64\bin\zip.dll
0x00007ff9538d0000 - 0x00007ff9538e0000 	C:\Users\prash\.antigravity-ide\extensions\redhat.java-1.55.0-win32-x64\jre\21.0.11-win32-x86_64\bin\net.dll
0x00007ff97cf40000 - 0x00007ff97d069000 	C:\WINDOWS\SYSTEM32\WINHTTP.dll
0x00007ff98a310000 - 0x00007ff98a37c000 	C:\WINDOWS\system32\mswsock.dll
0x00007ff951f60000 - 0x00007ff951f76000 	C:\Users\prash\.antigravity-ide\extensions\redhat.java-1.55.0-win32-x64\jre\21.0.11-win32-x86_64\bin\nio.dll
0x00007ff9538a0000 - 0x00007ff9538b0000 	C:\Users\prash\.antigravity-ide\extensions\redhat.java-1.55.0-win32-x64\jre\21.0.11-win32-x86_64\bin\verify.dll
0x00007ff968b80000 - 0x00007ff968ba7000 	C:\Users\prash\.gradle\native\1def1411415f61bf3af743bc5b6707747c0891f09f0c88961ee8f79bc544acac\windows-amd64\native-platform.dll
0x00007ff950170000 - 0x00007ff9501e8000 	C:\Users\prash\.gradle\native\0.2.7\x86_64-windows-gnu\gradle-fileevents.dll
0x00007ff985660000 - 0x00007ff98566a000 	C:\Users\prash\.antigravity-ide\extensions\redhat.java-1.55.0-win32-x64\jre\21.0.11-win32-x86_64\bin\management.dll
0x00007ff985330000 - 0x00007ff98533c000 	C:\Users\prash\.antigravity-ide\extensions\redhat.java-1.55.0-win32-x64\jre\21.0.11-win32-x86_64\bin\management_ext.dll
0x00007ff98d990000 - 0x00007ff98d998000 	C:\WINDOWS\System32\PSAPI.DLL
0x00007ff989790000 - 0x00007ff9897c3000 	C:\WINDOWS\SYSTEM32\IPHLPAPI.DLL
0x00007ff98c740000 - 0x00007ff98c74a000 	C:\WINDOWS\System32\NSI.dll
0x00007ff985320000 - 0x00007ff985329000 	C:\Users\prash\.antigravity-ide\extensions\redhat.java-1.55.0-win32-x64\jre\21.0.11-win32-x86_64\bin\extnet.dll
0x00007ff98a610000 - 0x00007ff98a62b000 	C:\WINDOWS\SYSTEM32\CRYPTSP.dll
0x00007ff989cc0000 - 0x00007ff989cf9000 	C:\WINDOWS\system32\rsaenh.dll
0x00007ff98a3d0000 - 0x00007ff98a402000 	C:\WINDOWS\SYSTEM32\USERENV.dll
0x00007ff98af70000 - 0x00007ff98af9a000 	C:\WINDOWS\SYSTEM32\bcrypt.dll
0x00007ff98a630000 - 0x00007ff98a63c000 	C:\WINDOWS\SYSTEM32\CRYPTBASE.dll
0x00007ff951cc0000 - 0x00007ff951cce000 	C:\Users\prash\.antigravity-ide\extensions\redhat.java-1.55.0-win32-x64\jre\21.0.11-win32-x86_64\bin\sunmscapi.dll
0x00007ff98b630000 - 0x00007ff98b7a8000 	C:\WINDOWS\System32\CRYPT32.dll
0x00007ff98a850000 - 0x00007ff98a880000 	C:\WINDOWS\SYSTEM32\ncrypt.dll
0x00007ff98a800000 - 0x00007ff98a83f000 	C:\WINDOWS\SYSTEM32\NTASN1.dll
0x00007ff957fc0000 - 0x00007ff957fc8000 	C:\WINDOWS\system32\wshunix.dll

JVMTI agents:
C:\Users\prash\.gradle\wrapper\dists\gradle-8.14-all\c2qonpi39x1mddn7hk5gh9iqj\gradle-8.14\lib\agents\gradle-instrumentation-agent-8.14.jar path:C:\Users\prash\.antigravity-ide\extensions\redhat.java-1.55.0-win32-x64\jre\21.0.11-win32-x86_64\bin\instrument.dll, loaded, initialized, instrumentlib options:none

dbghelp: loaded successfully - version: 4.0.5 - missing functions: none
symbol engine: initialized successfully - sym options: 0x614 - pdb path: .;C:\Users\prash\.antigravity-ide\extensions\redhat.java-1.55.0-win32-x64\jre\21.0.11-win32-x86_64\bin;C:\WINDOWS\SYSTEM32;C:\WINDOWS\WinSxS\amd64_microsoft.windows.common-controls_6595b64144ccf1df_6.0.26100.8737_none_3e092eaee333b772;C:\Users\prash\.antigravity-ide\extensions\redhat.java-1.55.0-win32-x64\jre\21.0.11-win32-x86_64\bin\server;C:\Users\prash\.gradle\native\1def1411415f61bf3af743bc5b6707747c0891f09f0c88961ee8f79bc544acac\windows-amd64;C:\Users\prash\.gradle\native\0.2.7\x86_64-windows-gnu

VM Arguments:
jvm_args: --add-opens=java.base/java.lang=ALL-UNNAMED --add-opens=java.base/java.lang.invoke=ALL-UNNAMED --add-opens=java.base/java.util=ALL-UNNAMED --add-opens=java.prefs/java.util.prefs=ALL-UNNAMED --add-exports=jdk.compiler/com.sun.tools.javac.api=ALL-UNNAMED --add-exports=jdk.compiler/com.sun.tools.javac.util=ALL-UNNAMED --add-opens=java.base/java.util=ALL-UNNAMED --add-opens=java.prefs/java.util.prefs=ALL-UNNAMED --add-opens=java.base/java.nio.charset=ALL-UNNAMED --add-opens=java.base/java.net=ALL-UNNAMED --add-opens=java.base/java.util.concurrent.atomic=ALL-UNNAMED --add-opens=java.xml/javax.xml.namespace=ALL-UNNAMED -XX:MaxMetaspaceSize=2G -XX:+HeapDumpOnOutOfMemoryError -Xmx4G -Dfile.encoding=UTF-8 -Duser.country=US -Duser.language=en -Duser.variant -javaagent:C:\Users\prash\.gradle\wrapper\dists\gradle-8.14-all\c2qonpi39x1mddn7hk5gh9iqj\gradle-8.14\lib\agents\gradle-instrumentation-agent-8.14.jar 
java_command: org.gradle.launcher.daemon.bootstrap.GradleDaemon 8.14
java_class_path (initial): C:\Users\prash\.gradle\wrapper\dists\gradle-8.14-all\c2qonpi39x1mddn7hk5gh9iqj\gradle-8.14\lib\gradle-daemon-main-8.14.jar
Launcher Type: SUN_STANDARD

[Global flags]
     intx CICompilerCount                          = 3                                         {product} {ergonomic}
     uint ConcGCThreads                            = 1                                         {product} {ergonomic}
     uint G1ConcRefinementThreads                  = 4                                         {product} {ergonomic}
   size_t G1HeapRegionSize                         = 2097152                                   {product} {ergonomic}
    uintx GCDrainStackTargetSize                   = 64                                        {product} {ergonomic}
     bool HeapDumpOnOutOfMemoryError               = true                                   {manageable} {command line}
   size_t InitialHeapSize                          = 130023424                                 {product} {ergonomic}
   size_t MarkStackSize                            = 4194304                                   {product} {ergonomic}
   size_t MaxHeapSize                              = 4294967296                                {product} {command line}
   size_t MaxMetaspaceSize                         = 2147483648                                {product} {command line}
   size_t MaxNewSize                               = 2575302656                                {product} {ergonomic}
   size_t MinHeapDeltaBytes                        = 2097152                                   {product} {ergonomic}
   size_t MinHeapSize                              = 8388608                                   {product} {ergonomic}
    uintx NonNMethodCodeHeapSize                   = 5832780                                {pd product} {ergonomic}
    uintx NonProfiledCodeHeapSize                  = 122912730                              {pd product} {ergonomic}
    uintx ProfiledCodeHeapSize                     = 122912730                              {pd product} {ergonomic}
    uintx ReservedCodeCacheSize                    = 251658240                              {pd product} {ergonomic}
     bool SegmentedCodeCache                       = true                                      {product} {ergonomic}
   size_t SoftMaxHeapSize                          = 4294967296                             {manageable} {ergonomic}
     bool UseCompressedOops                        = true                           {product lp64_product} {ergonomic}
     bool UseG1GC                                  = true                                      {product} {ergonomic}
     bool UseLargePagesIndividualAllocation        = false                                  {pd product} {ergonomic}

Logging:
Log output configuration:
 #0: stdout all=warning uptime,level,tags foldmultilines=false
 #1: stderr all=off uptime,level,tags foldmultilines=false

Release file:
JAVA_VERSION="21.0.11" 
MODULES="java.base java.compiler java.datatransfer java.xml java.prefs java.desktop java.instrument java.logging java.management java.security.sasl java.naming java.rmi java.management.rmi java.net.http java.scripting java.security.jgss java.transaction.xa java.sql java.sql.rowset java.xml.crypto java.se java.smartcardio jdk.accessibility jdk.internal.jvmstat jdk.attach jdk.charsets jdk.internal.opt jdk.zipfs jdk.compiler jdk.crypto.ec jdk.crypto.cryptoki jdk.crypto.mscapi jdk.dynalink jdk.internal.ed jdk.editpad jdk.hotspot.agent jdk.httpserver jdk.internal.le jdk.internal.vm.ci jdk.internal.vm.compiler jdk.internal.vm.compiler.management jdk.jartool jdk.javadoc jdk.jcmd jdk.management jdk.management.agent jdk.jconsole jdk.jdeps jdk.jdwp.agent jdk.jdi jdk.jfr jdk.jshell jdk.jsobject jdk.jstatd jdk.localedata jdk.management.jfr jdk.naming.dns jdk.naming.rmi jdk.net jdk.nio.mapmode jdk.random jdk.sctp jdk.security.auth jdk.security.jgss jdk.unsupported jdk.unsupported.desktop jdk.xml.dom" 

Environment Variables:
JAVA_HOME=C:\Program Files\Java\jdk-26.0.1
PATH=C:\Program Files\Common Files\Oracle\Java\javapath;C:\WINDOWS\system32;C:\WINDOWS;C:\WINDOWS\System32\Wbem;C:\WINDOWS\System32\WindowsPowerShell\v1.0\;C:\WINDOWS\System32\OpenSSH\;C:\Program Files\Git\cmd;C:\Program Files\dotnet\;C:\Program Files\Microsoft SQL Server\Client SDK\ODBC\170\Tools\Binn\;C:\Program Files\nodejs\;C:\Program Files\GitHub CLI\;C:\Program Files\Java\jdk-26.0.1\bin;C:\Program Files\Common Files\Oracle\Java\javapath;C:\WINDOWS\system32;C:\WINDOWS;C:\WINDOWS\System32\Wbem;C:\WINDOWS\System32\WindowsPowerShell\v1.0\;C:\WINDOWS\System32\OpenSSH\;C:\Program Files\Git\cmd;C:\Program Files\dotnet\;C:\Program Files\Microsoft SQL Server\Client SDK\ODBC\170\Tools\Binn\;C:\Program Files\nodejs\;C:\Program Files\GitHub CLI\;C:\Program Files\Java\jdk-26.0.1\bin;C:\Users\prash\AppData\Local\Programs\Python\Python313\Scripts\;C:\Users\prash\AppData\Local\Programs\Python\Python313\;C:\Users\prash\AppData\Local\Programs\Python\Launcher\;C:\Users\prash\AppData\Local\Microsoft\WindowsApps;C:\Users\prash\AppData\Local\GitHubDesktop\bin;C:\Users\prash\AppData\Local\Programs\Microsoft VS Code\bin;C:\Users\prash\.dotnet\tools;C:\Users\prash\AppData\Roaming\npm;C:\Users\prash\AppData\Local\Programs\Antigravity IDE\bin;D:\flutter_windows_3.44.4-stable\flutter\bin
USERNAME=prash
OS=Windows_NT
PROCESSOR_IDENTIFIER=Intel64 Family 6 Model 140 Stepping 1, GenuineIntel
TMP=C:\Users\prash\AppData\Local\Temp
TEMP=C:\Users\prash\AppData\Local\Temp




Periodic native trim disabled

---------------  S Y S T E M  ---------------

OS:
 Windows 11 , 64 bit Build 26100 (10.0.26100.8737)
OS uptime: 0 days 2:53 hours
Hyper-V role detected

CPU: total 4 (initial active 4) (2 cores per cpu, 2 threads per core) family 6 model 140 stepping 1 microcode 0xb4, cx8, cmov, fxsr, ht, mmx, 3dnowpref, sse, sse2, sse3, ssse3, sse4.1, sse4.2, popcnt, lzcnt, tsc, tscinvbit, avx, avx2, aes, erms, clmul, bmi1, bmi2, adx, avx512f, avx512dq, avx512cd, avx512bw, avx512vl, sha, fma, vzeroupper, avx512_vpopcntdq, avx512_vpclmulqdq, avx512_vaes, avx512_vnni, clflush, clflushopt, clwb, avx512_vbmi2, avx512_vbmi, hv, rdtscp, rdpid, fsrm, gfni, avx512_bitalg, f16c, cet_ibt, cet_ss, avx512_ifma
Processor Information for processor 0
  Max Mhz: 2901, Current Mhz: 2901, Mhz Limit: 2901
Processor Information for processor 1
  Max Mhz: 2901, Current Mhz: 1000, Mhz Limit: 2901
Processor Information for processor 2
  Max Mhz: 2901, Current Mhz: 1000, Mhz Limit: 2901
Processor Information for processor 3
  Max Mhz: 2901, Current Mhz: 2901, Mhz Limit: 2901

Memory: 4k page, system-wide physical 7834M (1127M free)
TotalPageFile size 21472M (AvailPageFile size 44M)
current process WorkingSet (physical memory assigned to process): 400M, peak: 519M
current process commit charge ("private bytes"): 610M, peak: 652M

vm_info: OpenJDK 64-Bit Server VM (21.0.11+10-LTS) for windows-amd64 JRE (21.0.11+10-LTS), built on 2026-04-21T00:00:00Z by "admin" with MS VC++ 17.12 (VS2022)

END.
