
[2026-06-21T18:30:00.256Z] getVendorEnquiries ERROR: CastError: Cast to ObjectId failed for value "admin_master_id" (type string) at path "_id" for model "User"
    at SchemaObjectId.cast (E:\logostics_scanner\backend\node_modules\mongoose\lib\schema\objectId.js:253:11)
    at SchemaType.applySetters (E:\logostics_scanner\backend\node_modules\mongoose\lib\schemaType.js:1280:12)
    at SchemaType.castForQuery (E:\logostics_scanner\backend\node_modules\mongoose\lib\schemaType.js:1706:17)
    at cast (E:\logostics_scanner\backend\node_modules\mongoose\lib\cast.js:386:32)
    at Query.cast (E:\logostics_scanner\backend\node_modules\mongoose\lib\query.js:5088:12)
    at Query._castConditions (E:\logostics_scanner\backend\node_modules\mongoose\lib\query.js:2376:10)
    at model.Query._findOne (E:\logostics_scanner\backend\node_modules\mongoose\lib\query.js:2716:8)
    at model.Query.exec (E:\logostics_scanner\backend\node_modules\mongoose\lib\query.js:4687:80)
    at process.processTicksAndRejections (node:internal/process/task_queues:105:5)
    at async exports.getVendorEnquiries (E:\logostics_scanner\backend\controllers\enquiryController.js:106:29)

[2026-06-21T18:30:00.275Z] getVendorEnquiries ERROR: CastError: Cast to ObjectId failed for value "admin_master_id" (type string) at path "_id" for model "User"
    at SchemaObjectId.cast (E:\logostics_scanner\backend\node_modules\mongoose\lib\schema\objectId.js:253:11)
    at SchemaType.applySetters (E:\logostics_scanner\backend\node_modules\mongoose\lib\schemaType.js:1280:12)
    at SchemaType.castForQuery (E:\logostics_scanner\backend\node_modules\mongoose\lib\schemaType.js:1706:17)
    at cast (E:\logostics_scanner\backend\node_modules\mongoose\lib\cast.js:386:32)
    at Query.cast (E:\logostics_scanner\backend\node_modules\mongoose\lib\query.js:5088:12)
    at Query._castConditions (E:\logostics_scanner\backend\node_modules\mongoose\lib\query.js:2376:10)
    at model.Query._findOne (E:\logostics_scanner\backend\node_modules\mongoose\lib\query.js:2716:8)
    at model.Query.exec (E:\logostics_scanner\backend\node_modules\mongoose\lib\query.js:4687:80)
    at process.processTicksAndRejections (node:internal/process/task_queues:105:5)
    at async exports.getVendorEnquiries (E:\logostics_scanner\backend\controllers\enquiryController.js:106:29)

[2026-06-21T18:45:26.399Z] getVendorEnquiries ERROR: CastError: Cast to ObjectId failed for value "admin_master_id" (type string) at path "_id" for model "User"
    at SchemaObjectId.cast (E:\logostics_scanner\backend\node_modules\mongoose\lib\schema\objectId.js:253:11)
    at SchemaType.applySetters (E:\logostics_scanner\backend\node_modules\mongoose\lib\schemaType.js:1280:12)
    at SchemaType.castForQuery (E:\logostics_scanner\backend\node_modules\mongoose\lib\schemaType.js:1706:17)
    at cast (E:\logostics_scanner\backend\node_modules\mongoose\lib\cast.js:386:32)
    at Query.cast (E:\logostics_scanner\backend\node_modules\mongoose\lib\query.js:5088:12)
    at Query._castConditions (E:\logostics_scanner\backend\node_modules\mongoose\lib\query.js:2376:10)
    at model.Query._findOne (E:\logostics_scanner\backend\node_modules\mongoose\lib\query.js:2716:8)
    at model.Query.exec (E:\logostics_scanner\backend\node_modules\mongoose\lib\query.js:4687:80)
    at process.processTicksAndRejections (node:internal/process/task_queues:105:5)
    at async exports.getVendorEnquiries (E:\logostics_scanner\backend\controllers\enquiryController.js:118:27)

[2026-06-21T18:45:26.414Z] getVendorEnquiries ERROR: CastError: Cast to ObjectId failed for value "admin_master_id" (type string) at path "_id" for model "User"
    at SchemaObjectId.cast (E:\logostics_scanner\backend\node_modules\mongoose\lib\schema\objectId.js:253:11)
    at SchemaType.applySetters (E:\logostics_scanner\backend\node_modules\mongoose\lib\schemaType.js:1280:12)
    at SchemaType.castForQuery (E:\logostics_scanner\backend\node_modules\mongoose\lib\schemaType.js:1706:17)
    at cast (E:\logostics_scanner\backend\node_modules\mongoose\lib\cast.js:386:32)
    at Query.cast (E:\logostics_scanner\backend\node_modules\mongoose\lib\query.js:5088:12)
    at Query._castConditions (E:\logostics_scanner\backend\node_modules\mongoose\lib\query.js:2376:10)
    at model.Query._findOne (E:\logostics_scanner\backend\node_modules\mongoose\lib\query.js:2716:8)
    at model.Query.exec (E:\logostics_scanner\backend\node_modules\mongoose\lib\query.js:4687:80)
    at process.processTicksAndRejections (node:internal/process/task_queues:105:5)
    at async exports.getVendorEnquiries (E:\logostics_scanner\backend\controllers\enquiryController.js:118:27)

[2026-06-21T18:45:26.431Z] getVendorEnquiries ERROR: CastError: Cast to ObjectId failed for value "admin_master_id" (type string) at path "_id" for model "User"
    at SchemaObjectId.cast (E:\logostics_scanner\backend\node_modules\mongoose\lib\schema\objectId.js:253:11)
    at SchemaType.applySetters (E:\logostics_scanner\backend\node_modules\mongoose\lib\schemaType.js:1280:12)
    at SchemaType.castForQuery (E:\logostics_scanner\backend\node_modules\mongoose\lib\schemaType.js:1706:17)
    at cast (E:\logostics_scanner\backend\node_modules\mongoose\lib\cast.js:386:32)
    at Query.cast (E:\logostics_scanner\backend\node_modules\mongoose\lib\query.js:5088:12)
    at Query._castConditions (E:\logostics_scanner\backend\node_modules\mongoose\lib\query.js:2376:10)
    at model.Query._findOne (E:\logostics_scanner\backend\node_modules\mongoose\lib\query.js:2716:8)
    at model.Query.exec (E:\logostics_scanner\backend\node_modules\mongoose\lib\query.js:4687:80)
    at process.processTicksAndRejections (node:internal/process/task_queues:105:5)
    at async exports.getVendorEnquiries (E:\logostics_scanner\backend\controllers\enquiryController.js:118:27)

[2026-06-21T18:45:26.443Z] getVendorEnquiries ERROR: CastError: Cast to ObjectId failed for value "admin_master_id" (type string) at path "_id" for model "User"
    at SchemaObjectId.cast (E:\logostics_scanner\backend\node_modules\mongoose\lib\schema\objectId.js:253:11)
    at SchemaType.applySetters (E:\logostics_scanner\backend\node_modules\mongoose\lib\schemaType.js:1280:12)
    at SchemaType.castForQuery (E:\logostics_scanner\backend\node_modules\mongoose\lib\schemaType.js:1706:17)
    at cast (E:\logostics_scanner\backend\node_modules\mongoose\lib\cast.js:386:32)
    at Query.cast (E:\logostics_scanner\backend\node_modules\mongoose\lib\query.js:5088:12)
    at Query._castConditions (E:\logostics_scanner\backend\node_modules\mongoose\lib\query.js:2376:10)
    at model.Query._findOne (E:\logostics_scanner\backend\node_modules\mongoose\lib\query.js:2716:8)
    at model.Query.exec (E:\logostics_scanner\backend\node_modules\mongoose\lib\query.js:4687:80)
    at process.processTicksAndRejections (node:internal/process/task_queues:105:5)
    at async exports.getVendorEnquiries (E:\logostics_scanner\backend\controllers\enquiryController.js:118:27)

[2026-06-21T18:45:26.456Z] getVendorEnquiries ERROR: CastError: Cast to ObjectId failed for value "admin_master_id" (type string) at path "_id" for model "User"
    at SchemaObjectId.cast (E:\logostics_scanner\backend\node_modules\mongoose\lib\schema\objectId.js:253:11)
    at SchemaType.applySetters (E:\logostics_scanner\backend\node_modules\mongoose\lib\schemaType.js:1280:12)
    at SchemaType.castForQuery (E:\logostics_scanner\backend\node_modules\mongoose\lib\schemaType.js:1706:17)
    at cast (E:\logostics_scanner\backend\node_modules\mongoose\lib\cast.js:386:32)
    at Query.cast (E:\logostics_scanner\backend\node_modules\mongoose\lib\query.js:5088:12)
    at Query._castConditions (E:\logostics_scanner\backend\node_modules\mongoose\lib\query.js:2376:10)
    at model.Query._findOne (E:\logostics_scanner\backend\node_modules\mongoose\lib\query.js:2716:8)
    at model.Query.exec (E:\logostics_scanner\backend\node_modules\mongoose\lib\query.js:4687:80)
    at process.processTicksAndRejections (node:internal/process/task_queues:105:5)
    at async exports.getVendorEnquiries (E:\logostics_scanner\backend\controllers\enquiryController.js:118:27)

[2026-06-21T18:45:26.464Z] getVendorEnquiries ERROR: CastError: Cast to ObjectId failed for value "admin_master_id" (type string) at path "_id" for model "User"
    at SchemaObjectId.cast (E:\logostics_scanner\backend\node_modules\mongoose\lib\schema\objectId.js:253:11)
    at SchemaType.applySetters (E:\logostics_scanner\backend\node_modules\mongoose\lib\schemaType.js:1280:12)
    at SchemaType.castForQuery (E:\logostics_scanner\backend\node_modules\mongoose\lib\schemaType.js:1706:17)
    at cast (E:\logostics_scanner\backend\node_modules\mongoose\lib\cast.js:386:32)
    at Query.cast (E:\logostics_scanner\backend\node_modules\mongoose\lib\query.js:5088:12)
    at Query._castConditions (E:\logostics_scanner\backend\node_modules\mongoose\lib\query.js:2376:10)
    at model.Query._findOne (E:\logostics_scanner\backend\node_modules\mongoose\lib\query.js:2716:8)
    at model.Query.exec (E:\logostics_scanner\backend\node_modules\mongoose\lib\query.js:4687:80)
    at process.processTicksAndRejections (node:internal/process/task_queues:105:5)
    at async exports.getVendorEnquiries (E:\logostics_scanner\backend\controllers\enquiryController.js:118:27)

[2026-06-21T18:45:26.473Z] getVendorEnquiries ERROR: CastError: Cast to ObjectId failed for value "admin_master_id" (type string) at path "_id" for model "User"
    at SchemaObjectId.cast (E:\logostics_scanner\backend\node_modules\mongoose\lib\schema\objectId.js:253:11)
    at SchemaType.applySetters (E:\logostics_scanner\backend\node_modules\mongoose\lib\schemaType.js:1280:12)
    at SchemaType.castForQuery (E:\logostics_scanner\backend\node_modules\mongoose\lib\schemaType.js:1706:17)
    at cast (E:\logostics_scanner\backend\node_modules\mongoose\lib\cast.js:386:32)
    at Query.cast (E:\logostics_scanner\backend\node_modules\mongoose\lib\query.js:5088:12)
    at Query._castConditions (E:\logostics_scanner\backend\node_modules\mongoose\lib\query.js:2376:10)
    at model.Query._findOne (E:\logostics_scanner\backend\node_modules\mongoose\lib\query.js:2716:8)
    at model.Query.exec (E:\logostics_scanner\backend\node_modules\mongoose\lib\query.js:4687:80)
    at process.processTicksAndRejections (node:internal/process/task_queues:105:5)
    at async exports.getVendorEnquiries (E:\logostics_scanner\backend\controllers\enquiryController.js:118:27)

[2026-06-21T18:45:26.480Z] getVendorEnquiries ERROR: CastError: Cast to ObjectId failed for value "admin_master_id" (type string) at path "_id" for model "User"
    at SchemaObjectId.cast (E:\logostics_scanner\backend\node_modules\mongoose\lib\schema\objectId.js:253:11)
    at SchemaType.applySetters (E:\logostics_scanner\backend\node_modules\mongoose\lib\schemaType.js:1280:12)
    at SchemaType.castForQuery (E:\logostics_scanner\backend\node_modules\mongoose\lib\schemaType.js:1706:17)
    at cast (E:\logostics_scanner\backend\node_modules\mongoose\lib\cast.js:386:32)
    at Query.cast (E:\logostics_scanner\backend\node_modules\mongoose\lib\query.js:5088:12)
    at Query._castConditions (E:\logostics_scanner\backend\node_modules\mongoose\lib\query.js:2376:10)
    at model.Query._findOne (E:\logostics_scanner\backend\node_modules\mongoose\lib\query.js:2716:8)
    at model.Query.exec (E:\logostics_scanner\backend\node_modules\mongoose\lib\query.js:4687:80)
    at process.processTicksAndRejections (node:internal/process/task_queues:105:5)
    at async exports.getVendorEnquiries (E:\logostics_scanner\backend\controllers\enquiryController.js:118:27)

[2026-06-21T18:45:29.756Z] getVendorEnquiries ERROR: CastError: Cast to ObjectId failed for value "admin_master_id" (type string) at path "_id" for model "User"
    at SchemaObjectId.cast (E:\logostics_scanner\backend\node_modules\mongoose\lib\schema\objectId.js:253:11)
    at SchemaType.applySetters (E:\logostics_scanner\backend\node_modules\mongoose\lib\schemaType.js:1280:12)
    at SchemaType.castForQuery (E:\logostics_scanner\backend\node_modules\mongoose\lib\schemaType.js:1706:17)
    at cast (E:\logostics_scanner\backend\node_modules\mongoose\lib\cast.js:386:32)
    at Query.cast (E:\logostics_scanner\backend\node_modules\mongoose\lib\query.js:5088:12)
    at Query._castConditions (E:\logostics_scanner\backend\node_modules\mongoose\lib\query.js:2376:10)
    at model.Query._findOne (E:\logostics_scanner\backend\node_modules\mongoose\lib\query.js:2716:8)
    at model.Query.exec (E:\logostics_scanner\backend\node_modules\mongoose\lib\query.js:4687:80)
    at process.processTicksAndRejections (node:internal/process/task_queues:105:5)
    at async exports.getVendorEnquiries (E:\logostics_scanner\backend\controllers\enquiryController.js:118:27)

[2026-06-21T18:45:29.765Z] getVendorEnquiries ERROR: CastError: Cast to ObjectId failed for value "admin_master_id" (type string) at path "_id" for model "User"
    at SchemaObjectId.cast (E:\logostics_scanner\backend\node_modules\mongoose\lib\schema\objectId.js:253:11)
    at SchemaType.applySetters (E:\logostics_scanner\backend\node_modules\mongoose\lib\schemaType.js:1280:12)
    at SchemaType.castForQuery (E:\logostics_scanner\backend\node_modules\mongoose\lib\schemaType.js:1706:17)
    at cast (E:\logostics_scanner\backend\node_modules\mongoose\lib\cast.js:386:32)
    at Query.cast (E:\logostics_scanner\backend\node_modules\mongoose\lib\query.js:5088:12)
    at Query._castConditions (E:\logostics_scanner\backend\node_modules\mongoose\lib\query.js:2376:10)
    at model.Query._findOne (E:\logostics_scanner\backend\node_modules\mongoose\lib\query.js:2716:8)
    at model.Query.exec (E:\logostics_scanner\backend\node_modules\mongoose\lib\query.js:4687:80)
    at process.processTicksAndRejections (node:internal/process/task_queues:105:5)
    at async exports.getVendorEnquiries (E:\logostics_scanner\backend\controllers\enquiryController.js:118:27)

[2026-06-21T18:45:29.786Z] getVendorEnquiries ERROR: CastError: Cast to ObjectId failed for value "admin_master_id" (type string) at path "_id" for model "User"
    at SchemaObjectId.cast (E:\logostics_scanner\backend\node_modules\mongoose\lib\schema\objectId.js:253:11)
    at SchemaType.applySetters (E:\logostics_scanner\backend\node_modules\mongoose\lib\schemaType.js:1280:12)
    at SchemaType.castForQuery (E:\logostics_scanner\backend\node_modules\mongoose\lib\schemaType.js:1706:17)
    at cast (E:\logostics_scanner\backend\node_modules\mongoose\lib\cast.js:386:32)
    at Query.cast (E:\logostics_scanner\backend\node_modules\mongoose\lib\query.js:5088:12)
    at Query._castConditions (E:\logostics_scanner\backend\node_modules\mongoose\lib\query.js:2376:10)
    at model.Query._findOne (E:\logostics_scanner\backend\node_modules\mongoose\lib\query.js:2716:8)
    at model.Query.exec (E:\logostics_scanner\backend\node_modules\mongoose\lib\query.js:4687:80)
    at process.processTicksAndRejections (node:internal/process/task_queues:105:5)
    at async exports.getVendorEnquiries (E:\logostics_scanner\backend\controllers\enquiryController.js:118:27)

[2026-06-21T18:45:29.797Z] getVendorEnquiries ERROR: CastError: Cast to ObjectId failed for value "admin_master_id" (type string) at path "_id" for model "User"
    at SchemaObjectId.cast (E:\logostics_scanner\backend\node_modules\mongoose\lib\schema\objectId.js:253:11)
    at SchemaType.applySetters (E:\logostics_scanner\backend\node_modules\mongoose\lib\schemaType.js:1280:12)
    at SchemaType.castForQuery (E:\logostics_scanner\backend\node_modules\mongoose\lib\schemaType.js:1706:17)
    at cast (E:\logostics_scanner\backend\node_modules\mongoose\lib\cast.js:386:32)
    at Query.cast (E:\logostics_scanner\backend\node_modules\mongoose\lib\query.js:5088:12)
    at Query._castConditions (E:\logostics_scanner\backend\node_modules\mongoose\lib\query.js:2376:10)
    at model.Query._findOne (E:\logostics_scanner\backend\node_modules\mongoose\lib\query.js:2716:8)
    at model.Query.exec (E:\logostics_scanner\backend\node_modules\mongoose\lib\query.js:4687:80)
    at process.processTicksAndRejections (node:internal/process/task_queues:105:5)
    at async exports.getVendorEnquiries (E:\logostics_scanner\backend\controllers\enquiryController.js:118:27)

[2026-06-21T18:45:29.844Z] getVendorEnquiries ERROR: CastError: Cast to ObjectId failed for value "admin_master_id" (type string) at path "_id" for model "User"
    at SchemaObjectId.cast (E:\logostics_scanner\backend\node_modules\mongoose\lib\schema\objectId.js:253:11)
    at SchemaType.applySetters (E:\logostics_scanner\backend\node_modules\mongoose\lib\schemaType.js:1280:12)
    at SchemaType.castForQuery (E:\logostics_scanner\backend\node_modules\mongoose\lib\schemaType.js:1706:17)
    at cast (E:\logostics_scanner\backend\node_modules\mongoose\lib\cast.js:386:32)
    at Query.cast (E:\logostics_scanner\backend\node_modules\mongoose\lib\query.js:5088:12)
    at Query._castConditions (E:\logostics_scanner\backend\node_modules\mongoose\lib\query.js:2376:10)
    at model.Query._findOne (E:\logostics_scanner\backend\node_modules\mongoose\lib\query.js:2716:8)
    at model.Query.exec (E:\logostics_scanner\backend\node_modules\mongoose\lib\query.js:4687:80)
    at process.processTicksAndRejections (node:internal/process/task_queues:105:5)
    at async exports.getVendorEnquiries (E:\logostics_scanner\backend\controllers\enquiryController.js:118:27)

[2026-06-21T18:45:29.864Z] getVendorEnquiries ERROR: CastError: Cast to ObjectId failed for value "admin_master_id" (type string) at path "_id" for model "User"
    at SchemaObjectId.cast (E:\logostics_scanner\backend\node_modules\mongoose\lib\schema\objectId.js:253:11)
    at SchemaType.applySetters (E:\logostics_scanner\backend\node_modules\mongoose\lib\schemaType.js:1280:12)
    at SchemaType.castForQuery (E:\logostics_scanner\backend\node_modules\mongoose\lib\schemaType.js:1706:17)
    at cast (E:\logostics_scanner\backend\node_modules\mongoose\lib\cast.js:386:32)
    at Query.cast (E:\logostics_scanner\backend\node_modules\mongoose\lib\query.js:5088:12)
    at Query._castConditions (E:\logostics_scanner\backend\node_modules\mongoose\lib\query.js:2376:10)
    at model.Query._findOne (E:\logostics_scanner\backend\node_modules\mongoose\lib\query.js:2716:8)
    at model.Query.exec (E:\logostics_scanner\backend\node_modules\mongoose\lib\query.js:4687:80)
    at process.processTicksAndRejections (node:internal/process/task_queues:105:5)
    at async exports.getVendorEnquiries (E:\logostics_scanner\backend\controllers\enquiryController.js:118:27)

[2026-06-21T18:45:29.879Z] getVendorEnquiries ERROR: CastError: Cast to ObjectId failed for value "admin_master_id" (type string) at path "_id" for model "User"
    at SchemaObjectId.cast (E:\logostics_scanner\backend\node_modules\mongoose\lib\schema\objectId.js:253:11)
    at SchemaType.applySetters (E:\logostics_scanner\backend\node_modules\mongoose\lib\schemaType.js:1280:12)
    at SchemaType.castForQuery (E:\logostics_scanner\backend\node_modules\mongoose\lib\schemaType.js:1706:17)
    at cast (E:\logostics_scanner\backend\node_modules\mongoose\lib\cast.js:386:32)
    at Query.cast (E:\logostics_scanner\backend\node_modules\mongoose\lib\query.js:5088:12)
    at Query._castConditions (E:\logostics_scanner\backend\node_modules\mongoose\lib\query.js:2376:10)
    at model.Query._findOne (E:\logostics_scanner\backend\node_modules\mongoose\lib\query.js:2716:8)
    at model.Query.exec (E:\logostics_scanner\backend\node_modules\mongoose\lib\query.js:4687:80)
    at process.processTicksAndRejections (node:internal/process/task_queues:105:5)
    at async exports.getVendorEnquiries (E:\logostics_scanner\backend\controllers\enquiryController.js:118:27)

[2026-06-21T18:45:29.893Z] getVendorEnquiries ERROR: CastError: Cast to ObjectId failed for value "admin_master_id" (type string) at path "_id" for model "User"
    at SchemaObjectId.cast (E:\logostics_scanner\backend\node_modules\mongoose\lib\schema\objectId.js:253:11)
    at SchemaType.applySetters (E:\logostics_scanner\backend\node_modules\mongoose\lib\schemaType.js:1280:12)
    at SchemaType.castForQuery (E:\logostics_scanner\backend\node_modules\mongoose\lib\schemaType.js:1706:17)
    at cast (E:\logostics_scanner\backend\node_modules\mongoose\lib\cast.js:386:32)
    at Query.cast (E:\logostics_scanner\backend\node_modules\mongoose\lib\query.js:5088:12)
    at Query._castConditions (E:\logostics_scanner\backend\node_modules\mongoose\lib\query.js:2376:10)
    at model.Query._findOne (E:\logostics_scanner\backend\node_modules\mongoose\lib\query.js:2716:8)
    at model.Query.exec (E:\logostics_scanner\backend\node_modules\mongoose\lib\query.js:4687:80)
    at process.processTicksAndRejections (node:internal/process/task_queues:105:5)
    at async exports.getVendorEnquiries (E:\logostics_scanner\backend\controllers\enquiryController.js:118:27)
